Log file open, 03/12/22 17:44:02
LogWindows: Failed to load 'aqProf.dll' (GetLastError=126)
LogWindows: File 'aqProf.dll' does not exist
LogWindows: Failed to load 'VtuneApi.dll' (GetLastError=126)
LogWindows: File 'VtuneApi.dll' does not exist
LogWindows: Failed to load 'VtuneApi32e.dll' (GetLastError=126)
LogWindows: File 'VtuneApi32e.dll' does not exist
LogConsoleResponse: Display: Failed to find resolution value strings in scalability ini. Falling back to default.
LogConsoleResponse: Display: Failed to find resolution value strings in scalability ini. Falling back to default.
LogInit: Display: Running engine for game: MyProject
LogPlatformFile: Not using cached read wrapper
LogTaskGraph: Started task graph with 5 named threads and 23 total threads with 3 sets of task threads.
LogStats: Stats thread started at 0.449663
LogICUInternationalization: ICU TimeZone Detection - Raw Offset: +8:00, Platform Override: ''
LogInit: Display: Loading text-based GConfig....
LogPluginManager: Mounting plugin MeshPainting
LogPluginManager: Mounting plugin XGEController
LogPluginManager: Mounting plugin Paper2D
LogPluginManager: Mounting plugin LiveLink
LogPluginManager: Mounting plugin AISupport
LogPluginManager: Mounting plugin EnvironmentQueryEditor
LogPluginManager: Mounting plugin LightPropagationVolume
LogPluginManager: Mounting plugin CameraShakePreviewer
LogPluginManager: Mounting plugin GameplayCameras
LogPluginManager: Mounting plugin OodleData
LogPluginManager: Mounting plugin OodleNetwork
LogPluginManager: Mounting plugin DatasmithContent
LogPluginManager: Mounting plugin VariantManagerContent
LogPluginManager: Mounting plugin AlembicImporter
LogPluginManager: Mounting plugin AutomationUtils
LogPluginManager: Mounting plugin BackChannel
LogPluginManager: Mounting plugin ChaosCloth
LogPluginManager: Mounting plugin ChaosClothEditor
LogPluginManager: Mounting plugin ChaosEditor
LogPluginManager: Mounting plugin ChaosNiagara
LogPluginManager: Mounting plugin ChaosSolverPlugin
LogPluginManager: Mounting plugin CharacterAI
LogPluginManager: Mounting plugin LuminPlatformFeatures
LogPluginManager: Mounting plugin AssetManagerEditor
LogPluginManager: Mounting plugin MagicLeap
LogPluginManager: Mounting plugin GeometryCache
LogPluginManager: Mounting plugin GeometryCollectionPlugin
LogPluginManager: Mounting plugin MagicLeapLightEstimation
LogPluginManager: Mounting plugin MagicLeapMedia
LogPluginManager: Mounting plugin CryptoKeys
LogPluginManager: Mounting plugin CurveEditorTools
LogPluginManager: Mounting plugin Niagara
LogPluginManager: Mounting plugin DataValidation
LogPluginManager: Mounting plugin MagicLeapPassableWorld
LogPluginManager: Mounting plugin FacialAnimation
LogPluginManager: Mounting plugin GameplayTagsEditor
LogPluginManager: Mounting plugin MLSDK
LogPluginManager: Mounting plugin GeometryMode
LogPluginManager: Mounting plugin MacGraphicsSwitching
LogPluginManager: Mounting plugin MaterialAnalyzer
LogPluginManager: Mounting plugin PluginBrowser
LogPluginManager: Mounting plugin MobileLauncherProfileWizard
LogPluginManager: Mounting plugin SpeedTreeImporter
LogPluginManager: Mounting plugin GeometryProcessing
LogPluginManager: Mounting plugin OpenImageDenoise
LogPluginManager: Mounting plugin PlanarCut
LogPluginManager: Mounting plugin MotoSynth
LogPluginManager: Mounting plugin PlatformCrypto
LogPluginManager: Mounting plugin ProxyLODPlugin
LogPluginManager: Mounting plugin PythonScriptPlugin
LogPluginManager: Mounting plugin SkeletalReduction
LogPluginManager: Mounting plugin AnimationSharing
LogPluginManager: Mounting plugin CLionSourceCodeAccess
LogPluginManager: Mounting plugin CodeLiteSourceCodeAccess
LogPluginManager: Mounting plugin KDevelopSourceCodeAccess
LogPluginManager: Mounting plugin GitSourceControl
LogPluginManager: Mounting plugin NullSourceCodeAccess
LogPluginManager: Mounting plugin PerforceSourceControl
LogPluginManager: Mounting plugin PixWinPlugin
LogPluginManager: Mounting plugin PlasticSourceControl
LogPluginManager: Mounting plugin PropertyAccessNode
LogPluginManager: Mounting plugin PluginUtils
LogPluginManager: Mounting plugin RiderSourceCodeAccess
LogPluginManager: Mounting plugin SubversionSourceControl
LogPluginManager: Mounting plugin TextureFormatOodle
LogPluginManager: Mounting plugin UObjectPlugin
LogPluginManager: Mounting plugin VisualStudioCodeSourceCodeAccess
LogPluginManager: Mounting plugin XCodeSourceCodeAccess
LogPluginManager: Mounting plugin VisualStudioSourceCodeAccess
LogPluginManager: Mounting plugin TcpMessaging
LogPluginManager: Mounting plugin UdpMessaging
LogPluginManager: Mounting plugin AndroidMedia
LogPluginManager: Mounting plugin AvfMedia
LogPluginManager: Mounting plugin ActorSequence
LogPluginManager: Mounting plugin ImgMedia
LogPluginManager: Mounting plugin MediaCompositing
LogPluginManager: Mounting plugin MatineeToLevelSequence
LogPluginManager: Mounting plugin LevelSequenceEditor
LogPluginManager: Mounting plugin MediaPlayerEditor
LogPluginManager: Mounting plugin TemplateSequence
LogPluginManager: Mounting plugin WebMMedia
LogPluginManager: Mounting plugin LauncherChunkInstaller
LogPluginManager: Mounting plugin WmfMedia
LogPluginManager: Mounting plugin OnlineSubsystem
LogPluginManager: Mounting plugin OnlineSubsystemNull
LogPluginManager: Mounting plugin OnlineSubsystemUtils
LogPluginManager: Mounting plugin ActorLayerUtilities
LogPluginManager: Mounting plugin AndroidDeviceProfileSelector
LogPluginManager: Mounting plugin AndroidMoviePlayer
LogPluginManager: Mounting plugin AndroidPermission
LogPluginManager: Mounting plugin AppleMoviePlayer
LogPluginManager: Mounting plugin AppleImageUtils
LogPluginManager: Mounting plugin AssetTags
LogPluginManager: Mounting plugin AudioCapture
LogPluginManager: Mounting plugin AudioSynesthesia
LogPluginManager: Mounting plugin ArchVisCharacter
LogPluginManager: Mounting plugin CableComponent
LogPluginManager: Mounting plugin ChunkDownloader
LogPluginManager: Mounting plugin CustomMeshComponent
LogPluginManager: Mounting plugin EditableMesh
LogPluginManager: Mounting plugin ExampleDeviceProfileSelector
LogPluginManager: Mounting plugin GoogleCloudMessaging
LogPluginManager: Mounting plugin GooglePAD
LogPluginManager: Mounting plugin ScreenshotTools
LogPluginManager: Mounting plugin IOSDeviceProfileSelector
LogPluginManager: Mounting plugin LinuxDeviceProfileSelector
LogPluginManager: Mounting plugin LocationServicesBPLibrary
LogPluginManager: Mounting plugin Takes
LogPluginManager: Mounting plugin MobilePatchingUtils
LogPluginManager: Mounting plugin OpenXR
LogPluginManager: Mounting plugin OpenXREyeTracker
LogPluginManager: Mounting plugin OpenXRHandTracking
LogPluginManager: Mounting plugin PostSplashScreen
LogPluginManager: Mounting plugin PhysXVehicles
LogPluginManager: Mounting plugin ProceduralMeshComponent
LogPluginManager: Mounting plugin PropertyAccessEditor
LogPluginManager: Mounting plugin RuntimePhysXCooking
LogPluginManager: Mounting plugin SignificanceManager
LogPluginManager: Mounting plugin SoundFields
LogPluginManager: Mounting plugin Synthesis
LogPluginManager: Mounting plugin WebMMoviePlayer
LogPluginManager: Mounting plugin WindowsMoviePlayer
LogPluginManager: Mounting plugin ContentBrowserAssetDataSource
LogPluginManager: Mounting plugin ContentBrowserClassDataSource
LogPluginManager: Mounting plugin ContentBrowserFileDataSource
LogPluginManager: Mounting plugin OnlineSubsystemGooglePlay
LogPluginManager: Mounting plugin OnlineSubsystemIOS
LogPluginManager: Mounting plugin OculusVR
LogPluginManager: Mounting plugin SteamVR
LogLuminAPIImpl: Warning: MLSDK not found.  This likely means the MLSDK environment variable is not set.
PixWinPlugin: PIX capture plugin failed to initialize! Check that the process is launched from PIX.
LogInit: Using libcurl 7.55.1-DEV
LogInit:  - built for x86_64-pc-win32
LogInit:  - supports SSL with OpenSSL/1.1.1
LogInit:  - supports HTTP deflate (compression) using libz 1.2.8
LogInit:  - other features:
LogInit:      CURL_VERSION_SSL
LogInit:      CURL_VERSION_LIBZ
LogInit:      CURL_VERSION_IPV6
LogInit:      CURL_VERSION_ASYNCHDNS
LogInit:      CURL_VERSION_LARGEFILE
LogInit:      CURL_VERSION_IDN
LogInit:  CurlRequestOptions (configurable via config and command line):
LogInit:  - bVerifyPeer = true  - Libcurl will verify peer certificate
LogInit:  - bUseHttpProxy = false  - Libcurl will NOT use HTTP proxy
LogInit:  - bDontReuseConnections = false  - Libcurl will reuse connections
LogInit:  - MaxHostConnections = 16  - Libcurl will limit the number of connections to a host
LogInit:  - LocalHostAddr = Default
LogInit:  - BufferSize = 65536
LogOnline: OSS: Creating online subsystem instance for: NULL
LogInit: WinSock: version 1.1 (2.2), MaxSocks=32767, MaxUdp=65467
LogOnline: OSS: TryLoadSubsystemAndSetDefault: Loaded subsystem for module [NULL]
LogOculusPluginWrapper: OculusPlugin initialized successfully
LogHMD: Failed initializing OVRPlugin 1.59.0
LogInit: Build: ++UE4+Release-4.27-CL-18319896
LogInit: Engine Version: 4.27.2-18319896+++UE4+Release-4.27
LogInit: Compatible Engine Version: 4.27.0-17155196+++UE4+Release-4.27
LogInit: Net CL: 17155196
LogInit: OS: Windows 10 (Release 2009) (), CPU: Intel(R) Core(TM) i5-8250U CPU @ 1.60GHz, GPU: Intel(R) UHD Graphics 620
LogInit: Compiled (64-bit): Nov 30 2021 07:12:08
LogInit: Compiled with Visual C++: 19.24.28315.00
LogInit: Build Configuration: Development
LogInit: Branch Name: ++UE4+Release-4.27
LogInit: Command Line: 
LogInit: Base Directory: C:/Program Files/Epic Games/UE_4.27/Engine/Binaries/Win64/
LogInit: Allocator: TBB
LogInit: Installed Engine Build: 1
LogDevObjectVersion: Number of dev versions registered: 29
LogDevObjectVersion:   Dev-Blueprints (B0D832E4-1F89-4F0D-ACCF-7EB736FD4AA2): 10
LogDevObjectVersion:   Dev-Build (E1C64328-A22C-4D53-A36C-8E866417BD8C): 0
LogDevObjectVersion:   Dev-Core (375EC13C-06E4-48FB-B500-84F0262A717E): 4
LogDevObjectVersion:   Dev-Editor (E4B068ED-F494-42E9-A231-DA0B2E46BB41): 40
LogDevObjectVersion:   Dev-Framework (CFFC743F-43B0-4480-9391-14DF171D2073): 37
LogDevObjectVersion:   Dev-Mobile (B02B49B5-BB20-44E9-A304-32B752E40360): 3
LogDevObjectVersion:   Dev-Networking (A4E4105C-59A1-49B5-A7C5-40C4547EDFEE): 0
LogDevObjectVersion:   Dev-Online (39C831C9-5AE6-47DC-9A44-9C173E1C8E7C): 0
LogDevObjectVersion:   Dev-Physics (78F01B33-EBEA-4F98-B9B4-84EACCB95AA2): 14
LogDevObjectVersion:   Dev-Platform (6631380F-2D4D-43E0-8009-CF276956A95A): 0
LogDevObjectVersion:   Dev-Rendering (12F88B9F-8875-4AFC-A67C-D90C383ABD29): 45
LogDevObjectVersion:   Dev-Sequencer (7B5AE74C-D270-4C10-A958-57980B212A5A): 13
LogDevObjectVersion:   Dev-VR (D7296918-1DD6-4BDD-9DE2-64A83CC13884): 3
LogDevObjectVersion:   Dev-LoadTimes (C2A15278-BFE7-4AFE-6C17-90FF531DF755): 1
LogDevObjectVersion:   Private-Geometry (6EACA3D4-40EC-4CC1-B786-8BED09428FC5): 3
LogDevObjectVersion:   Dev-AnimPhys (29E575DD-E0A3-4627-9D10-D276232CDCEA): 17
LogDevObjectVersion:   Dev-Anim (AF43A65D-7FD3-4947-9873-3E8ED9C1BB05): 15
LogDevObjectVersion:   Dev-ReflectionCapture (6B266CEC-1EC7-4B8F-A30B-E4D90942FC07): 1
LogDevObjectVersion:   Dev-Automation (0DF73D61-A23F-47EA-B727-89E90C41499A): 1
LogDevObjectVersion:   FortniteMain (601D1886-AC64-4F84-AA16-D3DE0DEAC7D6): 47
LogDevObjectVersion:   FortniteRelease (E7086368-6B23-4C58-8439-1B7016265E91): 1
LogDevObjectVersion:   Dev-Enterprise (9DFFBCD6-494F-0158-E221-12823C92A888): 10
LogDevObjectVersion:   Dev-Niagara (F2AED0AC-9AFE-416F-8664-AA7FFA26D6FC): 1
LogDevObjectVersion:   Dev-Destruction (174F1F0B-B4C6-45A5-B13F-2EE8D0FB917D): 10
LogDevObjectVersion:   Dev-Physics-Ext (35F94A83-E258-406C-A318-09F59610247C): 41
LogDevObjectVersion:   Dev-PhysicsMaterial-Chaos (B68FC16E-8B1B-42E2-B453-215C058844FE): 1
LogDevObjectVersion:   Dev-CineCamera (B2E18506-4273-CFC2-A54E-F4BB758BBA07): 1
LogDevObjectVersion:   Dev-VirtualProduction (64F58936-FD1B-42BA-BA96-7289D5D0FA4E): 1
LogDevObjectVersion:   Dev-MediaFramework (6F0ED827-A609-4895-9C91-998D90180EA4): 2
LogInit: Presizing for max 25165824 objects, including 0 objects not considered by GC, pre-allocating 0 bytes for permanent pool.
LogConfig: Applying CVar settings from Section [/Script/Engine.StreamingSettings] File [C:/Users/ahyan/Documents/Unreal Projects/GameDevTrial/MyProject/Saved/Config/Windows/Engine.ini]
LogConfig: Setting CVar [[s.MinBulkDataSizeForAsyncLoading:131072]]
LogConfig: Setting CVar [[s.AsyncLoadingThreadEnabled:0]]
LogConfig: Setting CVar [[s.EventDrivenLoaderEnabled:1]]
LogConfig: Setting CVar [[s.WarnIfTimeLimitExceeded:0]]
LogConfig: Setting CVar [[s.TimeLimitExceededMultiplier:1.5]]
LogConfig: Setting CVar [[s.TimeLimitExceededMinTime:0.005]]
LogConfig: Setting CVar [[s.UseBackgroundLevelStreaming:1]]
LogConfig: Setting CVar [[s.PriorityAsyncLoadingExtraTime:15.0]]
LogConfig: Setting CVar [[s.LevelStreamingActorsUpdateTimeLimit:5.0]]
LogConfig: Setting CVar [[s.PriorityLevelStreamingActorsUpdateExtraTime:5.0]]
LogConfig: Setting CVar [[s.LevelStreamingComponentsRegistrationGranularity:10]]
LogConfig: Setting CVar [[s.UnregisterComponentsTimeLimit:1.0]]
LogConfig: Setting CVar [[s.LevelStreamingComponentsUnregistrationGranularity:5]]
LogConfig: Setting CVar [[s.FlushStreamingOnExit:1]]
LogInit: Object subsystem initialized
LogConfig: Setting CVar [[con.DebugEarlyDefault:1]]
LogConfig: Setting CVar [[r.setres:1280x720]]
[2022.03.12-09.44.03:811][  0]LogConfig: Setting CVar [[r.VSync:0]]
[2022.03.12-09.44.03:811][  0]LogConfig: Setting CVar [[r.RHICmdBypass:0]]
[2022.03.12-09.44.03:811][  0]LogConfig: Applying CVar settings from Section [/Script/Engine.RendererSettings] File [C:/Users/ahyan/Documents/Unreal Projects/GameDevTrial/MyProject/Saved/Config/Windows/Engine.ini]
[2022.03.12-09.44.03:811][  0]LogConfig: Setting CVar [[r.GPUCrashDebugging:0]]
[2022.03.12-09.44.03:811][  0]LogConfig: Applying CVar settings from Section [/Script/Engine.RendererOverrideSettings] File [C:/Users/ahyan/Documents/Unreal Projects/GameDevTrial/MyProject/Saved/Config/Windows/Engine.ini]
[2022.03.12-09.44.03:811][  0]LogConfig: Applying CVar settings from Section [/Script/Engine.StreamingSettings] File [C:/Users/ahyan/Documents/Unreal Projects/GameDevTrial/MyProject/Saved/Config/Windows/Engine.ini]
[2022.03.12-09.44.03:811][  0]LogConfig: Setting CVar [[s.MinBulkDataSizeForAsyncLoading:131072]]
[2022.03.12-09.44.03:812][  0]LogConfig: Setting CVar [[s.AsyncLoadingThreadEnabled:0]]
[2022.03.12-09.44.03:812][  0]LogConfig: Setting CVar [[s.EventDrivenLoaderEnabled:1]]
[2022.03.12-09.44.03:812][  0]LogConfig: Setting CVar [[s.WarnIfTimeLimitExceeded:0]]
[2022.03.12-09.44.03:812][  0]LogConfig: Setting CVar [[s.TimeLimitExceededMultiplier:1.5]]
[2022.03.12-09.44.03:812][  0]LogConfig: Setting CVar [[s.TimeLimitExceededMinTime:0.005]]
[2022.03.12-09.44.03:812][  0]LogConfig: Setting CVar [[s.UseBackgroundLevelStreaming:1]]
[2022.03.12-09.44.03:812][  0]LogConfig: Setting CVar [[s.PriorityAsyncLoadingExtraTime:15.0]]
[2022.03.12-09.44.03:812][  0]LogConfig: Setting CVar [[s.LevelStreamingActorsUpdateTimeLimit:5.0]]
[2022.03.12-09.44.03:812][  0]LogConfig: Setting CVar [[s.PriorityLevelStreamingActorsUpdateExtraTime:5.0]]
[2022.03.12-09.44.03:812][  0]LogConfig: Setting CVar [[s.LevelStreamingComponentsRegistrationGranularity:10]]
[2022.03.12-09.44.03:812][  0]LogConfig: Setting CVar [[s.UnregisterComponentsTimeLimit:1.0]]
[2022.03.12-09.44.03:812][  0]LogConfig: Setting CVar [[s.LevelStreamingComponentsUnregistrationGranularity:5]]
[2022.03.12-09.44.03:812][  0]LogConfig: Setting CVar [[s.FlushStreamingOnExit:1]]
[2022.03.12-09.44.03:812][  0]LogConfig: Applying CVar settings from Section [/Script/Engine.GarbageCollectionSettings] File [C:/Users/ahyan/Documents/Unreal Projects/GameDevTrial/MyProject/Saved/Config/Windows/Engine.ini]
[2022.03.12-09.44.03:812][  0]LogConfig: Setting CVar [[gc.MaxObjectsNotConsideredByGC:1]]
[2022.03.12-09.44.03:812][  0]LogConfig: Setting CVar [[gc.SizeOfPermanentObjectPool:0]]
[2022.03.12-09.44.03:812][  0]LogConfig: Setting CVar [[gc.FlushStreamingOnGC:0]]
[2022.03.12-09.44.03:812][  0]LogConfig: Setting CVar [[gc.NumRetriesBeforeForcingGC:10]]
[2022.03.12-09.44.03:812][  0]LogConfig: Setting CVar [[gc.AllowParallelGC:1]]
[2022.03.12-09.44.03:812][  0]LogConfig: Setting CVar [[gc.TimeBetweenPurgingPendingKillObjects:61.1]]
[2022.03.12-09.44.03:812][  0]LogConfig: Setting CVar [[gc.MaxObjectsInEditor:25165824]]
[2022.03.12-09.44.03:813][  0]LogConfig: Setting CVar [[gc.IncrementalBeginDestroyEnabled:1]]
[2022.03.12-09.44.03:813][  0]LogConfig: Setting CVar [[gc.CreateGCClusters:1]]
[2022.03.12-09.44.03:813][  0]LogConfig: Setting CVar [[gc.MinGCClusterSize:5]]
[2022.03.12-09.44.03:813][  0]LogConfig: Setting CVar [[gc.ActorClusteringEnabled:0]]
[2022.03.12-09.44.03:813][  0]LogConfig: Setting CVar [[gc.BlueprintClusteringEnabled:0]]
[2022.03.12-09.44.03:813][  0]LogConfig: Setting CVar [[gc.UseDisregardForGCOnDedicatedServers:0]]
[2022.03.12-09.44.03:813][  0]LogConfig: Setting CVar [[gc.MultithreadedDestructionEnabled:1]]
[2022.03.12-09.44.03:813][  0]LogConfig: Applying CVar settings from Section [/Script/Engine.NetworkSettings] File [C:/Users/ahyan/Documents/Unreal Projects/GameDevTrial/MyProject/Saved/Config/Windows/Engine.ini]
[2022.03.12-09.44.03:813][  0]LogConfig: Applying CVar settings from Section [/Script/UnrealEd.CookerSettings] File [C:/Users/ahyan/Documents/Unreal Projects/GameDevTrial/MyProject/Saved/Config/Windows/Engine.ini]
[2022.03.12-09.44.03:825][  0]LogConfig: Applying CVar settings from Section [ViewDistanceQuality@3] File [C:/Users/ahyan/Documents/Unreal Projects/GameDevTrial/MyProject/Saved/Config/Windows/Scalability.ini]
[2022.03.12-09.44.03:825][  0]LogConfig: Setting CVar [[r.SkeletalMeshLODBias:0]]
[2022.03.12-09.44.03:825][  0]LogConfig: Setting CVar [[r.ViewDistanceScale:1.0]]
[2022.03.12-09.44.03:825][  0]LogConfig: Applying CVar settings from Section [AntiAliasingQuality@3] File [C:/Users/ahyan/Documents/Unreal Projects/GameDevTrial/MyProject/Saved/Config/Windows/Scalability.ini]
[2022.03.12-09.44.03:825][  0]LogConfig: Setting CVar [[r.PostProcessAAQuality:4]]
[2022.03.12-09.44.03:825][  0]LogConfig: Applying CVar settings from Section [ShadowQuality@3] File [C:/Users/ahyan/Documents/Unreal Projects/GameDevTrial/MyProject/Saved/Config/Windows/Scalability.ini]
[2022.03.12-09.44.03:825][  0]LogConfig: Setting CVar [[r.LightFunctionQuality:1]]
[2022.03.12-09.44.03:825][  0]LogConfig: Setting CVar [[r.ShadowQuality:5]]
[2022.03.12-09.44.03:825][  0]LogConfig: Setting CVar [[r.Shadow.CSM.MaxCascades:10]]
[2022.03.12-09.44.03:825][  0]LogConfig: Setting CVar [[r.Shadow.MaxResolution:2048]]
[2022.03.12-09.44.03:825][  0]LogConfig: Setting CVar [[r.Shadow.MaxCSMResolution:2048]]
[2022.03.12-09.44.03:825][  0]LogConfig: Setting CVar [[r.Shadow.RadiusThreshold:0.01]]
[2022.03.12-09.44.03:825][  0]LogConfig: Setting CVar [[r.Shadow.DistanceScale:1.0]]
[2022.03.12-09.44.03:825][  0]LogConfig: Setting CVar [[r.Shadow.CSM.TransitionScale:1.0]]
[2022.03.12-09.44.03:826][  0]LogConfig: Setting CVar [[r.Shadow.PreShadowResolutionFactor:1.0]]
[2022.03.12-09.44.03:826][  0]LogConfig: Setting CVar [[r.DistanceFieldShadowing:1]]
[2022.03.12-09.44.03:826][  0]LogConfig: Setting CVar [[r.DistanceFieldAO:1]]
[2022.03.12-09.44.03:826][  0]LogConfig: Setting CVar [[r.AOQuality:2]]
[2022.03.12-09.44.03:826][  0]LogConfig: Setting CVar [[r.VolumetricFog:1]]
[2022.03.12-09.44.03:826][  0]LogConfig: Setting CVar [[r.VolumetricFog.GridPixelSize:8]]
[2022.03.12-09.44.03:826][  0]LogConfig: Setting CVar [[r.VolumetricFog.GridSizeZ:128]]
[2022.03.12-09.44.03:826][  0]LogConfig: Setting CVar [[r.VolumetricFog.HistoryMissSupersampleCount:4]]
[2022.03.12-09.44.03:826][  0]LogConfig: Setting CVar [[r.LightMaxDrawDistanceScale:1]]
[2022.03.12-09.44.03:826][  0]LogConfig: Setting CVar [[r.CapsuleShadows:1]]
[2022.03.12-09.44.03:826][  0]LogConfig: Applying CVar settings from Section [PostProcessQuality@3] File [C:/Users/ahyan/Documents/Unreal Projects/GameDevTrial/MyProject/Saved/Config/Windows/Scalability.ini]
[2022.03.12-09.44.03:826][  0]LogConfig: Setting CVar [[r.MotionBlurQuality:4]]
[2022.03.12-09.44.03:826][  0]LogConfig: Setting CVar [[r.AmbientOcclusionMipLevelFactor:0.4]]
[2022.03.12-09.44.03:826][  0]LogConfig: Setting CVar [[r.AmbientOcclusionMaxQuality:100]]
[2022.03.12-09.44.03:826][  0]LogConfig: Setting CVar [[r.AmbientOcclusionLevels:-1]]
[2022.03.12-09.44.03:826][  0]LogConfig: Setting CVar [[r.AmbientOcclusionRadiusScale:1.0]]
[2022.03.12-09.44.03:826][  0]LogConfig: Setting CVar [[r.DepthOfFieldQuality:2]]
[2022.03.12-09.44.03:826][  0]LogConfig: Setting CVar [[r.RenderTargetPoolMin:400]]
[2022.03.12-09.44.03:826][  0]LogConfig: Setting CVar [[r.LensFlareQuality:2]]
[2022.03.12-09.44.03:826][  0]LogConfig: Setting CVar [[r.SceneColorFringeQuality:1]]
[2022.03.12-09.44.03:826][  0]LogConfig: Setting CVar [[r.EyeAdaptationQuality:2]]
[2022.03.12-09.44.03:826][  0]LogConfig: Setting CVar [[r.BloomQuality:5]]
[2022.03.12-09.44.03:826][  0]LogConfig: Setting CVar [[r.FastBlurThreshold:100]]
[2022.03.12-09.44.03:827][  0]LogConfig: Setting CVar [[r.Upscale.Quality:3]]
[2022.03.12-09.44.03:827][  0]LogConfig: Setting CVar [[r.Tonemapper.GrainQuantization:1]]
[2022.03.12-09.44.03:827][  0]LogConfig: Setting CVar [[r.LightShaftQuality:1]]
[2022.03.12-09.44.03:827][  0]LogConfig: Setting CVar [[r.Filter.SizeScale:1]]
[2022.03.12-09.44.03:827][  0]LogConfig: Setting CVar [[r.Tonemapper.Quality:5]]
[2022.03.12-09.44.03:827][  0]LogConfig: Setting CVar [[r.DOF.Gather.AccumulatorQuality:1        ; higher gathering accumulator quality]]
[2022.03.12-09.44.03:827][  0]LogConfig: Setting CVar [[r.DOF.Gather.PostfilterMethod:1          ; Median3x3 postfilering method]]
[2022.03.12-09.44.03:827][  0]LogConfig: Setting CVar [[r.DOF.Gather.EnableBokehSettings:0       ; no bokeh simulation when gathering]]
[2022.03.12-09.44.03:827][  0]LogConfig: Setting CVar [[r.DOF.Gather.RingCount:4                 ; medium number of samples when gathering]]
[2022.03.12-09.44.03:827][  0]LogConfig: Setting CVar [[r.DOF.Scatter.ForegroundCompositing:1    ; additive foreground scattering]]
[2022.03.12-09.44.03:827][  0]LogConfig: Setting CVar [[r.DOF.Scatter.BackgroundCompositing:2    ; additive background scattering]]
[2022.03.12-09.44.03:827][  0]LogConfig: Setting CVar [[r.DOF.Scatter.EnableBokehSettings:1      ; bokeh simulation when scattering]]
[2022.03.12-09.44.03:827][  0]LogConfig: Setting CVar [[r.DOF.Scatter.MaxSpriteRatio:0.1         ; only a maximum of 10% of scattered bokeh]]
[2022.03.12-09.44.03:827][  0]LogConfig: Setting CVar [[r.DOF.Recombine.Quality:1                ; cheap slight out of focus]]
[2022.03.12-09.44.03:827][  0]LogConfig: Setting CVar [[r.DOF.Recombine.EnableBokehSettings:0    ; no bokeh simulation on slight out of focus]]
[2022.03.12-09.44.03:827][  0]LogConfig: Setting CVar [[r.DOF.TemporalAAQuality:1                ; more stable temporal accumulation]]
[2022.03.12-09.44.03:827][  0]LogConfig: Setting CVar [[r.DOF.Kernel.MaxForegroundRadius:0.025]]
[2022.03.12-09.44.03:827][  0]LogConfig: Setting CVar [[r.DOF.Kernel.MaxBackgroundRadius:0.025]]
[2022.03.12-09.44.03:827][  0]LogConfig: Applying CVar settings from Section [TextureQuality@3] File [C:/Users/ahyan/Documents/Unreal Projects/GameDevTrial/MyProject/Saved/Config/Windows/Scalability.ini]
[2022.03.12-09.44.03:827][  0]LogConfig: Setting CVar [[r.Streaming.MipBias:0]]
[2022.03.12-09.44.03:827][  0]LogConfig: Setting CVar [[r.Streaming.AmortizeCPUToGPUCopy:0]]
[2022.03.12-09.44.03:827][  0]LogConfig: Setting CVar [[r.Streaming.MaxNumTexturesToStreamPerFrame:0]]
[2022.03.12-09.44.03:827][  0]LogConfig: Setting CVar [[r.Streaming.Boost:1]]
[2022.03.12-09.44.03:827][  0]LogConfig: Setting CVar [[r.MaxAnisotropy:8]]
[2022.03.12-09.44.03:828][  0]LogConfig: Setting CVar [[r.VT.MaxAnisotropy:8]]
[2022.03.12-09.44.03:828][  0]LogConfig: Setting CVar [[r.Streaming.LimitPoolSizeToVRAM:0]]
[2022.03.12-09.44.03:828][  0]LogConfig: Setting CVar [[r.Streaming.PoolSize:1000]]
[2022.03.12-09.44.03:828][  0]LogConfig: Setting CVar [[r.Streaming.MaxEffectiveScreenSize:0]]
[2022.03.12-09.44.03:828][  0]LogConfig: Applying CVar settings from Section [EffectsQuality@3] File [C:/Users/ahyan/Documents/Unreal Projects/GameDevTrial/MyProject/Saved/Config/Windows/Scalability.ini]
[2022.03.12-09.44.03:828][  0]LogConfig: Setting CVar [[r.TranslucencyLightingVolumeDim:64]]
[2022.03.12-09.44.03:828][  0]LogConfig: Setting CVar [[r.RefractionQuality:2]]
[2022.03.12-09.44.03:828][  0]LogConfig: Setting CVar [[r.SSR.Quality:3]]
[2022.03.12-09.44.03:828][  0]LogConfig: Setting CVar [[r.SSR.HalfResSceneColor:0]]
[2022.03.12-09.44.03:828][  0]LogConfig: Setting CVar [[r.SceneColorFormat:4]]
[2022.03.12-09.44.03:828][  0]LogConfig: Setting CVar [[r.DetailMode:2]]
[2022.03.12-09.44.03:828][  0]LogConfig: Setting CVar [[r.TranslucencyVolumeBlur:1]]
[2022.03.12-09.44.03:828][  0]LogConfig: Setting CVar [[r.MaterialQualityLevel:1 ; High quality]]
[2022.03.12-09.44.03:828][  0]LogConfig: Setting CVar [[r.AnisotropicMaterials:1]]
[2022.03.12-09.44.03:828][  0]LogConfig: Setting CVar [[r.SSS.Scale:1]]
[2022.03.12-09.44.03:828][  0]LogConfig: Setting CVar [[r.SSS.SampleSet:2]]
[2022.03.12-09.44.03:828][  0]LogConfig: Setting CVar [[r.SSS.Quality:1]]
[2022.03.12-09.44.03:828][  0]LogConfig: Setting CVar [[r.SSS.HalfRes:0]]
[2022.03.12-09.44.03:829][  0]LogConfig: Setting CVar [[r.SSGI.Quality:3]]
[2022.03.12-09.44.03:829][  0]LogConfig: Setting CVar [[r.EmitterSpawnRateScale:1.0]]
[2022.03.12-09.44.03:829][  0]LogConfig: Setting CVar [[r.ParticleLightQuality:2]]
[2022.03.12-09.44.03:829][  0]LogConfig: Setting CVar [[r.SkyAtmosphere.AerialPerspectiveLUT.FastApplyOnOpaque:1 ; Always have FastSkyLUT 1 in this case to avoid wrong sky]]
[2022.03.12-09.44.03:829][  0]LogConfig: Setting CVar [[r.SkyAtmosphere.AerialPerspectiveLUT.SampleCountMaxPerSlice:4]]
[2022.03.12-09.44.03:829][  0]LogConfig: Setting CVar [[r.SkyAtmosphere.AerialPerspectiveLUT.DepthResolution:16.0]]
[2022.03.12-09.44.03:829][  0]LogConfig: Setting CVar [[r.SkyAtmosphere.FastSkyLUT:1]]
[2022.03.12-09.44.03:829][  0]LogConfig: Setting CVar [[r.SkyAtmosphere.FastSkyLUT.SampleCountMin:4.0]]
[2022.03.12-09.44.03:829][  0]LogConfig: Setting CVar [[r.SkyAtmosphere.FastSkyLUT.SampleCountMax:128.0]]
[2022.03.12-09.44.03:829][  0]LogConfig: Setting CVar [[r.SkyAtmosphere.SampleCountMin:4.0]]
[2022.03.12-09.44.03:830][  0]LogConfig: Setting CVar [[r.SkyAtmosphere.SampleCountMax:128.0]]
[2022.03.12-09.44.03:830][  0]LogConfig: Setting CVar [[r.SkyAtmosphere.TransmittanceLUT.UseSmallFormat:0]]
[2022.03.12-09.44.03:830][  0]LogConfig: Setting CVar [[r.SkyAtmosphere.TransmittanceLUT.SampleCount:10.0]]
[2022.03.12-09.44.03:830][  0]LogConfig: Setting CVar [[r.SkyAtmosphere.MultiScatteringLUT.SampleCount:15.0]]
[2022.03.12-09.44.03:830][  0]LogConfig: Setting CVar [[r.SkyLight.RealTimeReflectionCapture:1]]
[2022.03.12-09.44.03:830][  0]LogConfig: Applying CVar settings from Section [FoliageQuality@3] File [C:/Users/ahyan/Documents/Unreal Projects/GameDevTrial/MyProject/Saved/Config/Windows/Scalability.ini]
[2022.03.12-09.44.03:830][  0]LogConfig: Setting CVar [[foliage.DensityScale:1.0]]
[2022.03.12-09.44.03:830][  0]LogConfig: Setting CVar [[grass.DensityScale:1.0]]
[2022.03.12-09.44.03:830][  0]LogConfig: Applying CVar settings from Section [ShadingQuality@3] File [C:/Users/ahyan/Documents/Unreal Projects/GameDevTrial/MyProject/Saved/Config/Windows/Scalability.ini]
[2022.03.12-09.44.03:830][  0]LogConfig: Setting CVar [[r.HairStrands.SkyLighting.IntegrationType:2]]
[2022.03.12-09.44.03:830][  0]LogConfig: Setting CVar [[r.HairStrands.SkyAO.SampleCount:4]]
[2022.03.12-09.44.03:830][  0]LogConfig: Setting CVar [[r.HairStrands.Visibility.MSAA.SamplePerPixel:4]]
[2022.03.12-09.44.03:830][  0]LogInit: Selected Device Profile: [Windows]
[2022.03.12-09.44.03:830][  0]LogInit: Applying CVar settings loaded from the selected device profile: [Windows]
[2022.03.12-09.44.03:830][  0]LogHAL: Display: Platform has ~ 12 GB [12724690944 / 17179869184 / 12], which maps to Larger [LargestMinGB=32, LargerMinGB=12, DefaultMinGB=8, SmallerMinGB=6, SmallestMinGB=0)
[2022.03.12-09.44.03:830][  0]LogInit: Going up to parent DeviceProfile []
[2022.03.12-09.44.03:830][  0]LogConfig: Applying CVar settings from Section [ViewDistanceQuality@3] File [C:/Users/ahyan/Documents/Unreal Projects/GameDevTrial/MyProject/Saved/Config/Windows/Scalability.ini]
[2022.03.12-09.44.03:830][  0]LogConfig: Setting CVar [[r.SkeletalMeshLODBias:0]]
[2022.03.12-09.44.03:830][  0]LogConfig: Setting CVar [[r.ViewDistanceScale:1.0]]
[2022.03.12-09.44.03:830][  0]LogConfig: Applying CVar settings from Section [AntiAliasingQuality@3] File [C:/Users/ahyan/Documents/Unreal Projects/GameDevTrial/MyProject/Saved/Config/Windows/Scalability.ini]
[2022.03.12-09.44.03:831][  0]LogConfig: Setting CVar [[r.PostProcessAAQuality:4]]
[2022.03.12-09.44.03:831][  0]LogConfig: Applying CVar settings from Section [ShadowQuality@3] File [C:/Users/ahyan/Documents/Unreal Projects/GameDevTrial/MyProject/Saved/Config/Windows/Scalability.ini]
[2022.03.12-09.44.03:831][  0]LogConfig: Setting CVar [[r.LightFunctionQuality:1]]
[2022.03.12-09.44.03:831][  0]LogConfig: Setting CVar [[r.ShadowQuality:5]]
[2022.03.12-09.44.03:831][  0]LogConfig: Setting CVar [[r.Shadow.CSM.MaxCascades:10]]
[2022.03.12-09.44.03:831][  0]LogConfig: Setting CVar [[r.Shadow.MaxResolution:2048]]
[2022.03.12-09.44.03:831][  0]LogConfig: Setting CVar [[r.Shadow.MaxCSMResolution:2048]]
[2022.03.12-09.44.03:831][  0]LogConfig: Setting CVar [[r.Shadow.RadiusThreshold:0.01]]
[2022.03.12-09.44.03:831][  0]LogConfig: Setting CVar [[r.Shadow.DistanceScale:1.0]]
[2022.03.12-09.44.03:831][  0]LogConfig: Setting CVar [[r.Shadow.CSM.TransitionScale:1.0]]
[2022.03.12-09.44.03:831][  0]LogConfig: Setting CVar [[r.Shadow.PreShadowResolutionFactor:1.0]]
[2022.03.12-09.44.03:831][  0]LogConfig: Setting CVar [[r.DistanceFieldShadowing:1]]
[2022.03.12-09.44.03:831][  0]LogConfig: Setting CVar [[r.DistanceFieldAO:1]]
[2022.03.12-09.44.03:831][  0]LogConfig: Setting CVar [[r.AOQuality:2]]
[2022.03.12-09.44.03:831][  0]LogConfig: Setting CVar [[r.VolumetricFog:1]]
[2022.03.12-09.44.03:831][  0]LogConfig: Setting CVar [[r.VolumetricFog.GridPixelSize:8]]
[2022.03.12-09.44.03:831][  0]LogConfig: Setting CVar [[r.VolumetricFog.GridSizeZ:128]]
[2022.03.12-09.44.03:831][  0]LogConfig: Setting CVar [[r.VolumetricFog.HistoryMissSupersampleCount:4]]
[2022.03.12-09.44.03:831][  0]LogConfig: Setting CVar [[r.LightMaxDrawDistanceScale:1]]
[2022.03.12-09.44.03:831][  0]LogConfig: Setting CVar [[r.CapsuleShadows:1]]
[2022.03.12-09.44.03:832][  0]LogConfig: Applying CVar settings from Section [PostProcessQuality@3] File [C:/Users/ahyan/Documents/Unreal Projects/GameDevTrial/MyProject/Saved/Config/Windows/Scalability.ini]
[2022.03.12-09.44.03:832][  0]LogConfig: Setting CVar [[r.MotionBlurQuality:4]]
[2022.03.12-09.44.03:832][  0]LogConfig: Setting CVar [[r.AmbientOcclusionMipLevelFactor:0.4]]
[2022.03.12-09.44.03:832][  0]LogConfig: Setting CVar [[r.AmbientOcclusionMaxQuality:100]]
[2022.03.12-09.44.03:832][  0]LogConfig: Setting CVar [[r.AmbientOcclusionLevels:-1]]
[2022.03.12-09.44.03:832][  0]LogConfig: Setting CVar [[r.AmbientOcclusionRadiusScale:1.0]]
[2022.03.12-09.44.03:832][  0]LogConfig: Setting CVar [[r.DepthOfFieldQuality:2]]
[2022.03.12-09.44.03:832][  0]LogConfig: Setting CVar [[r.RenderTargetPoolMin:400]]
[2022.03.12-09.44.03:832][  0]LogConfig: Setting CVar [[r.LensFlareQuality:2]]
[2022.03.12-09.44.03:832][  0]LogConfig: Setting CVar [[r.SceneColorFringeQuality:1]]
[2022.03.12-09.44.03:832][  0]LogConfig: Setting CVar [[r.EyeAdaptationQuality:2]]
[2022.03.12-09.44.03:832][  0]LogConfig: Setting CVar [[r.BloomQuality:5]]
[2022.03.12-09.44.03:832][  0]LogConfig: Setting CVar [[r.FastBlurThreshold:100]]
[2022.03.12-09.44.03:832][  0]LogConfig: Setting CVar [[r.Upscale.Quality:3]]
[2022.03.12-09.44.03:832][  0]LogConfig: Setting CVar [[r.Tonemapper.GrainQuantization:1]]
[2022.03.12-09.44.03:832][  0]LogConfig: Setting CVar [[r.LightShaftQuality:1]]
[2022.03.12-09.44.03:832][  0]LogConfig: Setting CVar [[r.Filter.SizeScale:1]]
[2022.03.12-09.44.03:832][  0]LogConfig: Setting CVar [[r.Tonemapper.Quality:5]]
[2022.03.12-09.44.03:832][  0]LogConfig: Setting CVar [[r.DOF.Gather.AccumulatorQuality:1        ; higher gathering accumulator quality]]
[2022.03.12-09.44.03:832][  0]LogConfig: Setting CVar [[r.DOF.Gather.PostfilterMethod:1          ; Median3x3 postfilering method]]
[2022.03.12-09.44.03:832][  0]LogConfig: Setting CVar [[r.DOF.Gather.EnableBokehSettings:0       ; no bokeh simulation when gathering]]
[2022.03.12-09.44.03:833][  0]LogConfig: Setting CVar [[r.DOF.Gather.RingCount:4                 ; medium number of samples when gathering]]
[2022.03.12-09.44.03:833][  0]LogConfig: Setting CVar [[r.DOF.Scatter.ForegroundCompositing:1    ; additive foreground scattering]]
[2022.03.12-09.44.03:833][  0]LogConfig: Setting CVar [[r.DOF.Scatter.BackgroundCompositing:2    ; additive background scattering]]
[2022.03.12-09.44.03:833][  0]LogConfig: Setting CVar [[r.DOF.Scatter.EnableBokehSettings:1      ; bokeh simulation when scattering]]
[2022.03.12-09.44.03:833][  0]LogConfig: Setting CVar [[r.DOF.Scatter.MaxSpriteRatio:0.1         ; only a maximum of 10% of scattered bokeh]]
[2022.03.12-09.44.03:833][  0]LogConfig: Setting CVar [[r.DOF.Recombine.Quality:1                ; cheap slight out of focus]]
[2022.03.12-09.44.03:833][  0]LogConfig: Setting CVar [[r.DOF.Recombine.EnableBokehSettings:0    ; no bokeh simulation on slight out of focus]]
[2022.03.12-09.44.03:833][  0]LogConfig: Setting CVar [[r.DOF.TemporalAAQuality:1                ; more stable temporal accumulation]]
[2022.03.12-09.44.03:833][  0]LogConfig: Setting CVar [[r.DOF.Kernel.MaxForegroundRadius:0.025]]
[2022.03.12-09.44.03:833][  0]LogConfig: Setting CVar [[r.DOF.Kernel.MaxBackgroundRadius:0.025]]
[2022.03.12-09.44.03:833][  0]LogConfig: Applying CVar settings from Section [TextureQuality@3] File [C:/Users/ahyan/Documents/Unreal Projects/GameDevTrial/MyProject/Saved/Config/Windows/Scalability.ini]
[2022.03.12-09.44.03:833][  0]LogConfig: Setting CVar [[r.Streaming.MipBias:0]]
[2022.03.12-09.44.03:833][  0]LogConfig: Setting CVar [[r.Streaming.AmortizeCPUToGPUCopy:0]]
[2022.03.12-09.44.03:833][  0]LogConfig: Setting CVar [[r.Streaming.MaxNumTexturesToStreamPerFrame:0]]
[2022.03.12-09.44.03:833][  0]LogConfig: Setting CVar [[r.Streaming.Boost:1]]
[2022.03.12-09.44.03:833][  0]LogConfig: Setting CVar [[r.MaxAnisotropy:8]]
[2022.03.12-09.44.03:833][  0]LogConfig: Setting CVar [[r.VT.MaxAnisotropy:8]]
[2022.03.12-09.44.03:833][  0]LogConfig: Setting CVar [[r.Streaming.LimitPoolSizeToVRAM:0]]
[2022.03.12-09.44.03:833][  0]LogConfig: Setting CVar [[r.Streaming.PoolSize:1000]]
[2022.03.12-09.44.03:833][  0]LogConfig: Setting CVar [[r.Streaming.MaxEffectiveScreenSize:0]]
[2022.03.12-09.44.03:834][  0]LogConfig: Applying CVar settings from Section [EffectsQuality@3] File [C:/Users/ahyan/Documents/Unreal Projects/GameDevTrial/MyProject/Saved/Config/Windows/Scalability.ini]
[2022.03.12-09.44.03:834][  0]LogConfig: Setting CVar [[r.TranslucencyLightingVolumeDim:64]]
[2022.03.12-09.44.03:834][  0]LogConfig: Setting CVar [[r.RefractionQuality:2]]
[2022.03.12-09.44.03:834][  0]LogConfig: Setting CVar [[r.SSR.Quality:3]]
[2022.03.12-09.44.03:834][  0]LogConfig: Setting CVar [[r.SSR.HalfResSceneColor:0]]
[2022.03.12-09.44.03:834][  0]LogConfig: Setting CVar [[r.SceneColorFormat:4]]
[2022.03.12-09.44.03:834][  0]LogConfig: Setting CVar [[r.DetailMode:2]]
[2022.03.12-09.44.03:834][  0]LogConfig: Setting CVar [[r.TranslucencyVolumeBlur:1]]
[2022.03.12-09.44.03:834][  0]LogConfig: Setting CVar [[r.MaterialQualityLevel:1 ; High quality]]
[2022.03.12-09.44.03:834][  0]LogConfig: Setting CVar [[r.AnisotropicMaterials:1]]
[2022.03.12-09.44.03:834][  0]LogConfig: Setting CVar [[r.SSS.Scale:1]]
[2022.03.12-09.44.03:834][  0]LogConfig: Setting CVar [[r.SSS.SampleSet:2]]
[2022.03.12-09.44.03:834][  0]LogConfig: Setting CVar [[r.SSS.Quality:1]]
[2022.03.12-09.44.03:834][  0]LogConfig: Setting CVar [[r.SSS.HalfRes:0]]
[2022.03.12-09.44.03:834][  0]LogConfig: Setting CVar [[r.SSGI.Quality:3]]
[2022.03.12-09.44.03:834][  0]LogConfig: Setting CVar [[r.EmitterSpawnRateScale:1.0]]
[2022.03.12-09.44.03:834][  0]LogConfig: Setting CVar [[r.ParticleLightQuality:2]]
[2022.03.12-09.44.03:834][  0]LogConfig: Setting CVar [[r.SkyAtmosphere.AerialPerspectiveLUT.FastApplyOnOpaque:1 ; Always have FastSkyLUT 1 in this case to avoid wrong sky]]
[2022.03.12-09.44.03:834][  0]LogConfig: Setting CVar [[r.SkyAtmosphere.AerialPerspectiveLUT.SampleCountMaxPerSlice:4]]
[2022.03.12-09.44.03:834][  0]LogConfig: Setting CVar [[r.SkyAtmosphere.AerialPerspectiveLUT.DepthResolution:16.0]]
[2022.03.12-09.44.03:835][  0]LogConfig: Setting CVar [[r.SkyAtmosphere.FastSkyLUT:1]]
[2022.03.12-09.44.03:835][  0]LogConfig: Setting CVar [[r.SkyAtmosphere.FastSkyLUT.SampleCountMin:4.0]]
[2022.03.12-09.44.03:835][  0]LogConfig: Setting CVar [[r.SkyAtmosphere.FastSkyLUT.SampleCountMax:128.0]]
[2022.03.12-09.44.03:835][  0]LogConfig: Setting CVar [[r.SkyAtmosphere.SampleCountMin:4.0]]
[2022.03.12-09.44.03:835][  0]LogConfig: Setting CVar [[r.SkyAtmosphere.SampleCountMax:128.0]]
[2022.03.12-09.44.03:835][  0]LogConfig: Setting CVar [[r.SkyAtmosphere.TransmittanceLUT.UseSmallFormat:0]]
[2022.03.12-09.44.03:835][  0]LogConfig: Setting CVar [[r.SkyAtmosphere.TransmittanceLUT.SampleCount:10.0]]
[2022.03.12-09.44.03:835][  0]LogConfig: Setting CVar [[r.SkyAtmosphere.MultiScatteringLUT.SampleCount:15.0]]
[2022.03.12-09.44.03:835][  0]LogConfig: Setting CVar [[r.SkyLight.RealTimeReflectionCapture:1]]
[2022.03.12-09.44.03:835][  0]LogConfig: Applying CVar settings from Section [FoliageQuality@3] File [C:/Users/ahyan/Documents/Unreal Projects/GameDevTrial/MyProject/Saved/Config/Windows/Scalability.ini]
[2022.03.12-09.44.03:835][  0]LogConfig: Setting CVar [[foliage.DensityScale:1.0]]
[2022.03.12-09.44.03:835][  0]LogConfig: Setting CVar [[grass.DensityScale:1.0]]
[2022.03.12-09.44.03:835][  0]LogConfig: Applying CVar settings from Section [ShadingQuality@3] File [C:/Users/ahyan/Documents/Unreal Projects/GameDevTrial/MyProject/Saved/Config/Windows/Scalability.ini]
[2022.03.12-09.44.03:835][  0]LogConfig: Setting CVar [[r.HairStrands.SkyLighting.IntegrationType:2]]
[2022.03.12-09.44.03:835][  0]LogConfig: Setting CVar [[r.HairStrands.SkyAO.SampleCount:4]]
[2022.03.12-09.44.03:835][  0]LogConfig: Setting CVar [[r.HairStrands.Visibility.MSAA.SamplePerPixel:4]]
[2022.03.12-09.44.03:835][  0]LogConfig: Applying CVar settings from Section [Startup] File [../../../Engine/Config/ConsoleVariables.ini]
[2022.03.12-09.44.03:836][  0]LogConfig: Setting CVar [[net.UseAdaptiveNetUpdateFrequency:0]]
[2022.03.12-09.44.03:836][  0]LogConfig: Setting CVar [[p.chaos.AllowCreatePhysxBodies:1]]
[2022.03.12-09.44.03:836][  0]LogConfig: Setting CVar [[fx.SkipVectorVMBackendOptimizations:1]]
[2022.03.12-09.44.03:836][  0]LogConfig: Applying CVar settings from Section [ConsoleVariables] File [C:/Users/ahyan/Documents/Unreal Projects/GameDevTrial/MyProject/Saved/Config/Windows/Engine.ini]
[2022.03.12-09.44.03:836][  0]LogConfig: Applying CVar settings from Section [ConsoleVariables] File [C:/Users/ahyan/Documents/Unreal Projects/GameDevTrial/MyProject/Saved/Config/Windows/Editor.ini]
[2022.03.12-09.44.03:837][  0]LogInit: Computer: DESKTOP-FPVR58D
[2022.03.12-09.44.03:837][  0]LogInit: User: ahyan
[2022.03.12-09.44.03:837][  0]LogInit: CPU Page size=4096, Cores=4
[2022.03.12-09.44.03:837][  0]LogInit: High frequency timer resolution =10.000000 MHz
[2022.03.12-09.44.03:837][  0]LogMemory: Memory total: Physical=11.9GB (12GB approx)
[2022.03.12-09.44.03:837][  0]LogMemory: Platform Memory Stats for Windows
[2022.03.12-09.44.03:837][  0]LogMemory: Process Physical Memory: 139.47 MB used, 139.47 MB peak
[2022.03.12-09.44.03:837][  0]LogMemory: Process Virtual Memory: 124.28 MB used, 124.28 MB peak
[2022.03.12-09.44.03:837][  0]LogMemory: Physical Memory: 6235.23 MB used,  5899.98 MB free, 12135.21 MB total
[2022.03.12-09.44.03:837][  0]LogMemory: Virtual Memory: 134210408.00 MB used,  7318.64 MB free, 134217728.00 MB total
[2022.03.12-09.44.03:850][  0]LogWindows: WindowsPlatformFeatures enabled
[2022.03.12-09.44.03:917][  0]LogInit: Physics initialised using underlying interface: PhysX
[2022.03.12-09.44.03:920][  0]LogInit: Using OS detected language (en-US).
[2022.03.12-09.44.03:920][  0]LogInit: Using OS detected locale (en-US).
[2022.03.12-09.44.03:941][  0]LogTextLocalizationManager: No specific localization for 'en-US' exists, so the 'en' localization will be used.
[2022.03.12-09.44.04:242][  0]LogInit: Setting process to per monitor DPI aware
[2022.03.12-09.44.04:263][  0]LogWindowsTextInputMethodSystem: Display: IME system deactivated.
[2022.03.12-09.44.04:283][  0]LogSlate: New Slate User Created.  User Index 0, Is Virtual User: 0
[2022.03.12-09.44.04:283][  0]LogSlate: Slate User Registered.  User Index 0, Is Virtual User: 0
[2022.03.12-09.44.04:468][  0]LogD3D11RHI: Loaded GFSDK_Aftermath_Lib.x64.dll
[2022.03.12-09.44.04:472][  0]LogHMD: Failed to initialize OpenVR with code 110
[2022.03.12-09.44.04:472][  0]LogD3D11RHI: D3D11 min allowed feature level: 11_0
[2022.03.12-09.44.04:472][  0]LogD3D11RHI: D3D11 max allowed feature level: 11_0
[2022.03.12-09.44.04:472][  0]LogD3D11RHI: D3D11 adapters:
[2022.03.12-09.44.04:555][  0]LogD3D11RHI:    0. 'Intel(R) UHD Graphics 620' (Feature Level 11_0)
[2022.03.12-09.44.04:555][  0]LogD3D11RHI:       128/0/6067 MB DedicatedVideo/DedicatedSystem/SharedSystem, Outputs:1, VendorId:0x8086
[2022.03.12-09.44.04:558][  0]LogD3D11RHI:    1. 'Microsoft Basic Render Driver' (Feature Level 11_0)
[2022.03.12-09.44.04:558][  0]LogD3D11RHI:       0/0/6067 MB DedicatedVideo/DedicatedSystem/SharedSystem, Outputs:0, VendorId:0x1414
[2022.03.12-09.44.04:558][  0]LogD3D11RHI: Chosen D3D11 Adapter:
[2022.03.12-09.44.04:558][  0]LogD3D11RHI:     Description : Intel(R) UHD Graphics 620
[2022.03.12-09.44.04:558][  0]LogD3D11RHI:     VendorId    : 8086
[2022.03.12-09.44.04:558][  0]LogD3D11RHI:     DeviceId    : 5917
[2022.03.12-09.44.04:558][  0]LogD3D11RHI:     SubSysId    : 8416103c
[2022.03.12-09.44.04:558][  0]LogD3D11RHI:     Revision    : 0007
[2022.03.12-09.44.04:558][  0]LogD3D11RHI:     DedicatedVideoMemory : 134217728 bytes
[2022.03.12-09.44.04:558][  0]LogD3D11RHI:     DedicatedSystemMemory : 0 bytes
[2022.03.12-09.44.04:558][  0]LogD3D11RHI:     SharedSystemMemory : 6362345472 bytes
[2022.03.12-09.44.04:558][  0]LogD3D11RHI:     AdapterLuid : 0 120212
[2022.03.12-09.44.04:565][  0]LogD3D11RHI: Creating new Direct3DDevice
[2022.03.12-09.44.04:565][  0]LogD3D11RHI:     GPU DeviceId: 0x5917 (for the marketing name, search the web for "GPU Device Id")
[2022.03.12-09.44.04:565][  0]LogWindows: EnumDisplayDevices:
[2022.03.12-09.44.04:565][  0]LogWindows:    0. 'Intel(R) UHD Graphics 620' (P:1 D:1)
[2022.03.12-09.44.04:566][  0]LogWindows:    1. 'Intel(R) UHD Graphics 620' (P:0 D:0)
[2022.03.12-09.44.04:566][  0]LogWindows:    2. 'Intel(R) UHD Graphics 620' (P:0 D:0)
[2022.03.12-09.44.04:566][  0]LogWindows: DebugString: FoundDriverCount:3 
[2022.03.12-09.44.04:566][  0]LogD3D11RHI:     Adapter Name: Intel(R) UHD Graphics 620
[2022.03.12-09.44.04:566][  0]LogD3D11RHI:   Driver Version: 27.20.100.8681 (internal:27.20.100.8681, unified:27.20.100.8681)
[2022.03.12-09.44.04:566][  0]LogD3D11RHI:      Driver Date: 9-5-2020
[2022.03.12-09.44.04:566][  0]LogRHI: Texture pool is 1523 MB (70% of 2176 MB)
[2022.03.12-09.44.04:642][  0]LogD3D11RHI: Creating D3DDevice using adapter:
[2022.03.12-09.44.04:642][  0]LogD3D11RHI:     Description : Intel(R) UHD Graphics 620
[2022.03.12-09.44.04:642][  0]LogD3D11RHI:     VendorId    : 8086
[2022.03.12-09.44.04:642][  0]LogD3D11RHI:     DeviceId    : 5917
[2022.03.12-09.44.04:642][  0]LogD3D11RHI:     SubSysId    : 8416103c
[2022.03.12-09.44.04:642][  0]LogD3D11RHI:     Revision    : 0007
[2022.03.12-09.44.04:642][  0]LogD3D11RHI:     DedicatedVideoMemory : 134217728 bytes
[2022.03.12-09.44.04:643][  0]LogD3D11RHI:     DedicatedSystemMemory : 0 bytes
[2022.03.12-09.44.04:643][  0]LogD3D11RHI:     SharedSystemMemory : 6362345472 bytes
[2022.03.12-09.44.04:643][  0]LogD3D11RHI:     AdapterLuid : 0 120212
[2022.03.12-09.44.04:726][  0]LogD3D11RHI: RHI does not have support for 64 bit atomics
[2022.03.12-09.44.04:793][  0]LogD3D11RHI: Intel Extensions support version Full=16777216, Major=1, Minor=0, Revision=0
[2022.03.12-09.44.04:793][  0]LogD3D11RHI: Intel Extensions support version Full=16777217, Major=1, Minor=0, Revision=1
[2022.03.12-09.44.04:793][  0]LogD3D11RHI: Intel Extensions Framework enabled
[2022.03.12-09.44.04:794][  0]LogD3D11RHI: [IntelMetricsDiscovery] Started
[2022.03.12-09.44.04:794][  0]LogD3D11RHI: Async texture creation enabled
[2022.03.12-09.44.04:794][  0]LogD3D11RHI: Array index from any shader is supported
[2022.03.12-09.44.04:806][  0]LogD3D11RHI: GPU Timing Frequency: 12.000048 (Debug: 2 0)
[2022.03.12-09.44.05:421][  0]LogTargetPlatformManager: Display: Loaded TargetPlatform 'AllDesktop'
[2022.03.12-09.44.05:483][  0]LogTargetPlatformManager: Display: Loaded TargetPlatform 'Android'
[2022.03.12-09.44.05:483][  0]LogTargetPlatformManager: Display: Loaded TargetPlatform 'Android_ASTC'
[2022.03.12-09.44.05:483][  0]LogTargetPlatformManager: Display: Loaded TargetPlatform 'Android_DXT'
[2022.03.12-09.44.05:483][  0]LogTargetPlatformManager: Display: Loaded TargetPlatform 'Android_ETC2'
[2022.03.12-09.44.05:483][  0]LogTargetPlatformManager: Display: Loaded TargetPlatform 'AndroidClient'
[2022.03.12-09.44.05:483][  0]LogTargetPlatformManager: Display: Loaded TargetPlatform 'Android_ASTCClient'
[2022.03.12-09.44.05:483][  0]LogTargetPlatformManager: Display: Loaded TargetPlatform 'Android_DXTClient'
[2022.03.12-09.44.05:483][  0]LogTargetPlatformManager: Display: Loaded TargetPlatform 'Android_ETC2Client'
[2022.03.12-09.44.05:483][  0]LogTargetPlatformManager: Display: Loaded TargetPlatform 'Android_Multi'
[2022.03.12-09.44.05:483][  0]LogTargetPlatformManager: Display: Loaded TargetPlatform 'Android_MultiClient'
[2022.03.12-09.44.05:528][  0]LogTargetPlatformManager: Display: Loaded TargetPlatform 'IOSClient'
[2022.03.12-09.44.05:528][  0]LogTargetPlatformManager: Display: Loaded TargetPlatform 'IOS'
[2022.03.12-09.44.05:554][  0]LogTargetPlatformManager: Display: Loaded TargetPlatform 'Linux'
[2022.03.12-09.44.05:563][  0]LogTargetPlatformManager: Display: Loaded TargetPlatform 'LinuxNoEditor'
[2022.03.12-09.44.05:575][  0]LogTargetPlatformManager: Display: Loaded TargetPlatform 'LinuxClient'
[2022.03.12-09.44.05:586][  0]LogTargetPlatformManager: Display: Loaded TargetPlatform 'LinuxServer'
[2022.03.12-09.44.05:609][  0]LogTargetPlatformManager: Display: Loaded TargetPlatform 'LinuxAArch64NoEditor'
[2022.03.12-09.44.05:626][  0]LogTargetPlatformManager: Display: Loaded TargetPlatform 'LinuxAArch64Client'
[2022.03.12-09.44.05:639][  0]LogTargetPlatformManager: Display: Loaded TargetPlatform 'LinuxAArch64Server'
[2022.03.12-09.44.05:717][  0]LogTargetPlatformManager: Display: Loaded TargetPlatform 'Lumin'
[2022.03.12-09.44.05:717][  0]LogTargetPlatformManager: Display: Loaded TargetPlatform 'LuminClient'
[2022.03.12-09.44.05:744][  0]LogTargetPlatformManager: Display: Loaded TargetPlatform 'MacNoEditor'
[2022.03.12-09.44.05:758][  0]LogTargetPlatformManager: Display: Loaded TargetPlatform 'Mac'
[2022.03.12-09.44.05:771][  0]LogTargetPlatformManager: Display: Loaded TargetPlatform 'MacClient'
[2022.03.12-09.44.05:786][  0]LogTargetPlatformManager: Display: Loaded TargetPlatform 'MacServer'
[2022.03.12-09.44.05:827][  0]LogTargetPlatformManager: Display: Loaded TargetPlatform 'TVOSClient'
[2022.03.12-09.44.05:827][  0]LogTargetPlatformManager: Display: Loaded TargetPlatform 'TVOS'
[2022.03.12-09.44.05:863][  0]LogTargetPlatformManager: Display: Loaded TargetPlatform 'WindowsNoEditor'
[2022.03.12-09.44.05:879][  0]LogTargetPlatformManager: Display: Loaded TargetPlatform 'Windows'
[2022.03.12-09.44.05:904][  0]LogTargetPlatformManager: Display: Loaded TargetPlatform 'WindowsClient'
[2022.03.12-09.44.05:920][  0]LogTargetPlatformManager: Display: Loaded TargetPlatform 'WindowsServer'
[2022.03.12-09.44.05:920][  0]LogTargetPlatformManager: Display: Building Assets For Windows
[2022.03.12-09.44.05:946][  0]LogAudioDebug: Display: Lib vorbis DLL was dynamically loaded.
[2022.03.12-09.44.06:060][  0]LogTextureFormatOodle: Display: Oodle Texture 2.9.0 init RDO Off
[2022.03.12-09.44.06:180][  0]LogRendererCore: Ray tracing is disabled. Reason: r.RayTracing=0.
[2022.03.12-09.44.06:180][  0]LogShaderCompilers: Guid format shader working directory is -33 characters bigger than the processId version (../../../../../../Users/ahyan/Documents/Unreal Projects/GameDevTrial/MyProject/Intermediate/Shaders/WorkingDirectory/13728/).
[2022.03.12-09.44.06:181][  0]LogShaderCompilers: Cleaned the shader compiler working directory 'C:/Users/ahyan/AppData/Local/Temp/UnrealShaderWorkingDir/A560BFEA47B763005ACCED81F7A8BB78/'.
[2022.03.12-09.44.06:182][  0]LogXGEController: Cannot use XGE Controller as Incredibuild is not installed on this machine.
[2022.03.12-09.44.06:183][  0]LogShaderCompilers: Cannot use XGE Shader Compiler as Incredibuild is not installed on this machine.
[2022.03.12-09.44.06:183][  0]LogShaderCompilers: Display: Using Local Shader Compiler.
[2022.03.12-09.44.08:538][  0]LogDerivedDataCache: Display: Max Cache Size: 512 MB
[2022.03.12-09.44.08:668][  0]LogDerivedDataCache: Loaded boot cache 0.13s 94MB C:/Users/ahyan/AppData/Local/UnrealEngine/4.27/DerivedDataCache/Boot.ddc.
[2022.03.12-09.44.08:668][  0]LogDerivedDataCache: Display: Loaded Boot cache: C:/Users/ahyan/AppData/Local/UnrealEngine/4.27/DerivedDataCache/Boot.ddc
[2022.03.12-09.44.08:668][  0]LogDerivedDataCache: FDerivedDataBackendGraph:  Pak pak cache file ../../../../../../Users/ahyan/Documents/Unreal Projects/GameDevTrial/MyProject/DerivedDataCache/DDC.ddp not found, will not use a pak cache.
[2022.03.12-09.44.08:668][  0]LogDerivedDataCache: Unable to find inner node Pak for hierarchical cache Hierarchy.
[2022.03.12-09.44.08:668][  0]LogDerivedDataCache: FDerivedDataBackendGraph:  CompressedPak pak cache file ../../../../../../Users/ahyan/Documents/Unreal Projects/GameDevTrial/MyProject/DerivedDataCache/Compressed.ddp not found, will not use a pak cache.
[2022.03.12-09.44.08:668][  0]LogDerivedDataCache: Unable to find inner node CompressedPak for hierarchical cache Hierarchy.
[2022.03.12-09.44.08:695][  0]LogDerivedDataCache: Display: Pak cache opened for reading ../../../Engine/DerivedDataCache/Compressed.ddp.
[2022.03.12-09.44.08:695][  0]LogDerivedDataCache: FDerivedDataBackendGraph:  EnterprisePak pak cache file ../../../Enterprise/DerivedDataCache/Compressed.ddp not found, will not use a pak cache.
[2022.03.12-09.44.08:695][  0]LogDerivedDataCache: Unable to find inner node EnterprisePak for hierarchical cache Hierarchy.
[2022.03.12-09.44.08:711][  0]LogDerivedDataCache: Speed tests for C:/Users/ahyan/AppData/Local/UnrealEngine/Common/DerivedDataCache took 0.02 seconds
[2022.03.12-09.44.08:711][  0]LogDerivedDataCache: Display: Performance to C:/Users/ahyan/AppData/Local/UnrealEngine/Common/DerivedDataCache: Latency=0.03ms. RandomReadSpeed=384.87MBs, RandomWriteSpeed=73.67MBs. Assigned SpeedClass 'Local'
[2022.03.12-09.44.08:714][  0]LogDerivedDataCache: Using Local data cache path C:/Users/ahyan/AppData/Local/UnrealEngine/Common/DerivedDataCache: Writable
[2022.03.12-09.44.08:714][  0]LogDerivedDataCache: Shared data cache path not found in *engine.ini, will not use an Shared cache.
[2022.03.12-09.44.08:714][  0]LogDerivedDataCache: Unable to find inner node Shared for hierarchical cache Hierarchy.
[2022.03.12-09.44.08:799][  0]LogSlate: Using FreeType 2.10.0
[2022.03.12-09.44.08:801][  0]LogSlate: SlateFontServices - WITH_FREETYPE: 1, WITH_HARFBUZZ: 1
[2022.03.12-09.44.08:843][  0]LogAssetRegistry: FAssetRegistry took 0.0036 seconds to start up
[2022.03.12-09.44.09:305][  0]LogInit: Selected Device Profile: [Windows]
[2022.03.12-09.44.09:305][  0]LogInit: Active device profile: [000002898167EB00][00000289FF0027C0 49] Windows
[2022.03.12-09.44.09:305][  0]LogInit: Profiles: [000002898167EB00][00000289FF0027C0 49] Windows, [000002898161E300][00000289807EA940 49] WindowsNoEditor, [000002898167DE00][00000289807E6A80 49] WindowsServer, [000002898161EF00][00000289807EEBC0 49] WindowsClient, [000002898167E800][00000289807F2D00 49] IOS, [000002898161E500][00000289807FAE80 49] iPadAir, [000002898167C700][00000289FEC97000 49] iPadAir2, [00000289815C9A00][00000289FECA52C0 49] IPadPro, [00000289815C9B00][00000289FEC9B300 49] iPadAir3, [000002898161F700][00000289FECAF480 49] iPadAir4, [00000289815CAA00][00000289FECB3600 49] iPadMini2, [000002898161CC00][00000289FECB7780 49] iPadMini3, [00000289815C8B00][00000289FECBB900 49] iPadMini4, [000002898161F800][0000028981A63A80 49] iPadMini5, [00000289815E9300][0000028981A6A1C0 49] iPhone6, [00000289815E9400][0000028981A66200 49] iPodTouch6, [000002898167D700][0000028981A724C0 49] iPhone7, [000002898167D500][0000028981A6E500 49] iPodTouch7, [00000289815C8E00][0000028981A76680 49] iPhone5S, [000002898167FF00][0000028981A7A800 49] iPhone6Plus, [00000289815CBD00][0000028981A7E980 49] iPhone6S, [000002898167DA00][0000028981A82B00 49] iPhone6SPlus, [000002898167D400][00000289807F6C40 49] iPhone7Plus, [00000289815E8700][0000028981A86D80 49] iPhoneSE, [000002898167CE00][0000028981A8AEC0 49] iPhone8, [00000289815E8D00][0000028981A93040 49] iPhone8Plus, [00000289815E9A00][0000028981A971C0 49] iPhoneX, [00000289815CB300][0000028981A9B340 49] iPhoneXS, [00000289815EA300][0000028981A9F4C0 49] iPhoneXSMax, [00000289815CA800][0000028981AA3640 49] iPhoneXR, [00000289815E9500][0000028981AA77C0 49] iPhone11, [00000289815CB700][0000028981AAB940 49] iPhone11Pro, [00000289815EB100][0000028981AAFAC0 49] iPhone11ProMax, [00000289815C8500][0000028981AB20C0 49] iPhoneSE2, [00000289815EAB00][0000028981AB6240 49] iPhone12Mini, [00000289815CAE00][0000028981ABA3C0 49] iPhone12, [00000289815EB400][0000028981ABE540 49] iPhone12Pro, [000002898167FB00][0000028981AC26C0 49] iPhone12ProMax, [00000289815E8500][0000028981AC6840 49] iPadPro105, [000002898167F300][0000028981ACA9C0 49] iPadPro129, [00000289815EAA00][0000028981ACEB40 49] iPadPro97, [000002898167D200][0000028981AD2CC0 49] iPadPro2_129, [00000289815EB200][0000028981A8EE00 49] iPad5, [000002898167C100][0000028981AD6F40 49] iPad6, [00000289815E9600][0000028981ADB080 49] iPad7, [000002898167DD00][0000028981ADF1C0 49] iPad8, [00000289815E9900][0000028981AE7340 49] iPadPro11, [000002898167F000][0000028981AEB4C0 49] iPadPro2_11, [00000289815E8A00][0000028981AEF640 49] iPadPro3_129, [000002898167D100][0000028981AF37C0 49] iPadPro4_129, [00000289815EB000][0000028981AF7940 49] AppleTV, [000002898167C200][0000028981AFBAC0 49] AppleTV4K, [00000289815E9C00][0000028981AFE0C0 49] TVOS, [000002898167D800][0000028981B02240 49] Mac, [00000289815E8300][0000028981B063C0 49] MacClient, [000002898167D000][0000028981B0A540 49] MacNoEditor, [00000289815E9F00][0000028981B0E6C0 49] MacServer, [000002898167CB00][0000028981B12840 49] Linux, [00000289815E9000][0000028981B169C0 49] LinuxAArch64, [000002898167F400][0000028981B1AB40 49] LinuxNoEditor, [00000289815EA700][0000028981B1ECC0 49] LinuxAArch64NoEditor, [000002898167CD00][0000028981B22E40 49] LinuxClient, [00000289815EBB00][0000028981AE2F80 49] LinuxAArch64Client, [000002898167DC00][0000028981B270C0 49] LinuxServer, [00000289815EB800][0000028981B2B200 49] LinuxAArch64Server, [000002898167CA00][0000028981B2F340 49] Android, [00000289815E8E00][0000028981B374C0 49] Android_Low, [000002898167C800][0000028981B3B640 49] Android_Mid, [00000289815EA400][0000028981B3F7C0 49] Android_High, [000002898167F900][0000028981B43940 49] Android_Default, [00000289815EB900][0000028981B47AC0 49] Android_Adreno4xx, [000002898167EA00][0000028981B4A0C0 49] Android_Adreno5xx_Low, [00000289815EA600][0000028981B4E240 49] Android_Adreno5xx, [000002898167F600][0000028981B523C0 49] Android_Adreno6xx, [00000289815EA000][0000028981B56540 49] Android_Adreno6xx_Vulkan, [000002898167ED00][0000028981B5A6C0 49] Android_Mali_T6xx, [00000289815EB300][0000028981B5E840 49] Android_Mali_T7xx, [000002898167C500][0000028981B629C0 49] Android_Mali_T8xx, [00000289815E8600][0000028981B66B40 49] Android_Mali_G71, [000002898167FC00][0000028981B6ACC0 49] Android_Mali_G72, [00000289815EBC00][0000028981B6EE40 49] Android_Mali_G72_Vulkan, [00000289815CA100][0000028981B72FC0 49] Android_Mali_G76, [000002898161E200][0000028981B77140 49] Android_Mali_G76_Vulkan, [00000289815CA300][0000028981B33280 49] Android_Mali_G77, [000002898161C200][0000028981B7B3C0 49] Android_Mali_G77_Vulkan, [00000289815C9500][0000028981B7F500 49] Android_Mali_G78, [000002898161E700][0000028981B87680 49] Android_Mali_G78_Vulkan, [00000289815C9400][0000028981B8B800 49] Android_Mali_G710, [000002898161CF00][0000028981B8F980 49] Android_Mali_G710_Vulkan, [00000289815C9300][0000028981B93B00 49] Android_Vulkan_SM5, [000002898161E800][0000028981B96100 49] Android_PowerVR_G6xxx, [00000289815CBC00][0000028981B9A280 49] Android_PowerVR_GT7xxx, [000002898161DD00][0000028981B9E400 49] Android_PowerVR_GE8xxx, [00000289815CB800][0000028981BA2580 49] Android_PowerVR_GM9xxx, [000002898161C400][0000028981BA6700 49] Android_PowerVR_GM9xxx_Vulkan, [00000289815C8600][0000028981BAA880 49] Android_TegraK1, [000002898161CB00][0000028981BAEA00 49] Android_Unknown_Vulkan, [00000289815C8300][0000028981BB2B80 49] Lumin, [000002898161D700][0000028981BB6D00 49] Lumin_Desktop, [00000289815C9C00][0000028981BBAE80 49] HoloLens, 
[2022.03.12-09.44.09:526][  0]LogMeshReduction: Using QuadricMeshReduction for automatic static mesh reduction
[2022.03.12-09.44.09:526][  0]LogMeshReduction: Using SimplygonMeshReduction for automatic skeletal mesh reduction
[2022.03.12-09.44.09:526][  0]LogMeshReduction: Using ProxyLODMeshReduction for automatic mesh merging
[2022.03.12-09.44.09:526][  0]LogMeshReduction: No distributed automatic mesh merging module available
[2022.03.12-09.44.09:526][  0]LogMeshMerging: No distributed automatic mesh merging module available
[2022.03.12-09.44.09:551][  0]LogNetVersion: MyProject 1.0.0, NetCL: 17155196, EngineNetVer: 17, GameNetVer: 0 (Checksum: 3629800737)
[2022.03.12-09.44.10:219][  0]LogTexture: Default maximum texture size for cubemaps generated from long-lat sources has been changed from 512 to unlimited. In order to preserve old behaiour for '/Engine/MapTemplates/Sky/DaylightAmbientCubemap.DaylightAmbientCubemap', its maximum texture size has been explicitly set to 512.
[2022.03.12-09.44.10:313][  0]LogHMD: PokeAHoleMaterial loaded successfully
[2022.03.12-09.44.10:323][  0]LogUObjectArray: 17178 objects as part of root set at end of initial load.
[2022.03.12-09.44.10:323][  0]LogUObjectAllocator: 4302048 out of 0 bytes used by permanent object pool.
[2022.03.12-09.44.10:323][  0]LogUObjectArray: CloseDisregardForGC: 0/0 objects in disregard for GC pool
[2022.03.12-09.44.10:966][  0]LogNiagaraDebuggerClient: Niagara Debugger Client Initialized | Session: 3621F6AC4830F21B02A4EF98021B1CDC | Instance: 30E701134EBCA39BB3F669BC8AA61604 (DESKTOP-FPVR58D-13728).
[2022.03.12-09.44.11:093][  0]LogPython: Using Python 3.7.7
[2022.03.12-09.44.12:002][  0]LogTcpMessaging: Initializing TcpMessaging bridge
[2022.03.12-09.44.12:035][  0]LogUdpMessaging: Initializing bridge on interface 0.0.0.0:0 to multicast group 230.0.0.1:6666.
[2022.03.12-09.44.12:823][  0]LogOpenImageDenoise: OIDN starting up
[2022.03.12-09.44.12:873][  0]SourceControl: Source control is disabled
[2022.03.12-09.44.12:873][  0]SourceControl: Source control is disabled
[2022.03.12-09.44.12:883][  0]SourceControl: Source control is disabled
[2022.03.12-09.44.12:891][  0]SourceControl: Source control is disabled
[2022.03.12-09.44.12:909][  0]SourceControl: Source control is disabled
[2022.03.12-09.44.12:924][  0]LogUProjectInfo: Found projects:
[2022.03.12-09.44.12:944][  0]LogVSAccessor: Display: Unable to create Visual Studio setup instance: 80040154
[2022.03.12-09.44.12:946][  0]LogVSAccessor: Display: Unable to create Visual Studio setup instance: 80040154
[2022.03.12-09.44.12:948][  0]LogVSAccessor: Display: Unable to create Visual Studio setup instance: 80040154
[2022.03.12-09.44.13:024][  0]LogAndroidPermission: UAndroidPermissionCallbackProxy::GetInstance
[2022.03.12-09.44.13:072][  0]LogAudioCaptureCore: Display: No Audio Capture implementations found. Audio input will be silent.
[2022.03.12-09.44.13:072][  0]LogAudioCaptureCore: Display: No Audio Capture implementations found. Audio input will be silent.
[2022.03.12-09.44.13:428][  0]LogCollectionManager: Loaded 0 collections in 0.005285 seconds
[2022.03.12-09.44.13:498][  0]LogFileCache: Scanning file cache for directory 'C:/Users/ahyan/Documents/Unreal Projects/GameDevTrial/MyProject/Saved/Collections/' took 0.00s
[2022.03.12-09.44.13:498][  0]LogFileCache: Scanning file cache for directory 'C:/Users/ahyan/Documents/Unreal Projects/GameDevTrial/MyProject/Content/Developers/ahyan/Collections/' took 0.00s
[2022.03.12-09.44.13:498][  0]LogFileCache: Scanning file cache for directory 'C:/Users/ahyan/Documents/Unreal Projects/GameDevTrial/MyProject/Content/Collections/' took 0.00s
[2022.03.12-09.44.13:498][  0]LogOcInput: OculusInput pre-init called
[2022.03.12-09.44.13:919][  0]LogEngine: Initializing Engine...
[2022.03.12-09.44.13:923][  0]LogHMD: Failed to enumerate extensions. Please check that you have a valid OpenXR runtime installed.
[2022.03.12-09.44.13:923][  0]LogHMD: Failed to initialize OpenVR with code 110
[2022.03.12-09.44.13:923][  0]LogMagicLeap: Warning: VR disabled because ZI is not enabled.  To enable, in the editor, Edit -> Project Settings -> Plugins -> Magic Leap Plugin -> Enable Zero Iteration
[2022.03.12-09.44.13:925][  0]LogStats: UGameplayTagsManager::InitializeManager -  0.000 s
[2022.03.12-09.44.14:195][  0]LogInit: Initializing FReadOnlyCVARCache
[2022.03.12-09.44.14:210][  0]LogAIModule: Creating AISystem for world Untitled
[2022.03.12-09.44.14:248][  0]LogAudio: Display: Initializing Audio Device Manager...
[2022.03.12-09.44.14:252][  0]LogAudio: Display: Loading Default Audio Settings Objects...
[2022.03.12-09.44.14:253][  0]LogAudio: Display: No default SoundConcurrencyObject specified (or failed to load).
[2022.03.12-09.44.14:253][  0]LogAudio: Display: Audio Device Manager Initialized
[2022.03.12-09.44.14:254][  0]LogAudio: Display: Creating Audio Device:                 Id: 1, Scope: Shared, Realtime: True
[2022.03.12-09.44.14:254][  0]LogAudioMixer: Display: Audio Mixer Platform Settings:
[2022.03.12-09.44.14:254][  0]LogAudioMixer: Display: 	Sample Rate:						  48000
[2022.03.12-09.44.14:254][  0]LogAudioMixer: Display: 	Callback Buffer Frame Size Requested: 1024
[2022.03.12-09.44.14:254][  0]LogAudioMixer: Display: 	Callback Buffer Frame Size To Use:	  1024
[2022.03.12-09.44.14:254][  0]LogAudioMixer: Display: 	Number of buffers to queue:			  2
[2022.03.12-09.44.14:254][  0]LogAudioMixer: Display: 	Max Channels (voices):				  32
[2022.03.12-09.44.14:254][  0]LogAudioMixer: Display: 	Number of Async Source Workers:		  0
[2022.03.12-09.44.14:254][  0]LogAudio: Display: AudioDevice MaxSources: 32
[2022.03.12-09.44.14:254][  0]LogAudio: Display: Audio Spatialization Plugin: None (built-in).
[2022.03.12-09.44.14:254][  0]LogAudio: Display: Audio Reverb Plugin: None (built-in).
[2022.03.12-09.44.14:254][  0]LogAudio: Display: Audio Occlusion Plugin: None (built-in).
[2022.03.12-09.44.14:254][  0]LogAudioMixer: Display: Initializing audio mixer.
[2022.03.12-09.44.14:275][  0]LogAudioMixer: Display: 0: FrontLeft
[2022.03.12-09.44.14:275][  0]LogAudioMixer: Display: 1: FrontRight
[2022.03.12-09.44.14:294][  0]LogAudioMixer: Display: Using Audio Device Speakers (Conexant ISST Audio)
[2022.03.12-09.44.14:297][  0]LogAudioMixer: Display: Initializing Sound Submixes...
[2022.03.12-09.44.14:300][  0]LogAudioMixer: Display: Creating Master Submix 'MasterSubmixDefault'
[2022.03.12-09.44.14:300][  0]LogAudioMixer: Display: Creating Master Submix 'MasterReverbSubmixDefault'
[2022.03.12-09.44.14:302][  0]LogAudioMixer: Display: Creating Master Submix 'MasterEQSubmixDefault'
[2022.03.12-09.44.14:302][  0]LogAudioMixer: FMixerPlatformXAudio2::StartAudioStream() called
[2022.03.12-09.44.14:302][  0]LogAudioMixer: Display: Output buffers initialized: Frames=1024, Channels=2, Samples=2048
[2022.03.12-09.44.14:303][  0]LogAudioMixer: Display: Starting AudioMixerPlatformInterface::RunInternal()
[2022.03.12-09.44.14:303][  0]LogAudioMixer: Display: FMixerPlatformXAudio2::SubmitBuffer() called for the first time
[2022.03.12-09.44.14:303][  0]LogInit: FAudioDevice initialized.
[2022.03.12-09.44.14:303][  0]LogAudio: Display: Audio Device (ID: 1) registered with world 'Untitled'.
[2022.03.12-09.44.14:304][  0]LogNetVersion: Set ProjectVersion to 1.0.0.0. Version Checksum will be recalculated on next use.
[2022.03.12-09.44.14:436][  0]LogDerivedDataCache: Saved boot cache 0.13s 94MB C:/Users/ahyan/AppData/Local/UnrealEngine/4.27/DerivedDataCache/Boot.ddc.
[2022.03.12-09.44.14:438][  0]LogInit: Texture streaming: Enabled
[2022.03.12-09.44.14:479][  0]LogAnalytics: Display: [UEEditor.Rocket.Release] APIServer = https://datarouter.ol.epicgames.com/. AppVersion = 4.27.2-18319896+++UE4+Release-4.27
[2022.03.12-09.44.14:492][  0]LogEngineSessionManager: EngineSessionManager initialized
[2022.03.12-09.44.14:492][  0]LogEditorSessionSummary: Verbose: Initializing EditorSessionSummaryWriter for editor session tracking
[2022.03.12-09.44.14:501][  0]LogEditorSessionSummary: EditorSessionSummaryWriter initialized
[2022.03.12-09.44.14:552][  0]LogInit: Transaction tracking system initialized
[2022.03.12-09.44.14:631][  0]BlueprintLog: New page: Editor Load
[2022.03.12-09.44.15:071][  0]LocalizationService: Localization service is disabled
[2022.03.12-09.44.15:147][  0]TimingProfiler: Initialize
[2022.03.12-09.44.15:148][  0]TimingProfiler: OnSessionChanged
[2022.03.12-09.44.15:148][  0]LoadingProfiler: Initialize
[2022.03.12-09.44.15:148][  0]LoadingProfiler: OnSessionChanged
[2022.03.12-09.44.15:148][  0]NetworkingProfiler: Initialize
[2022.03.12-09.44.15:149][  0]NetworkingProfiler: OnSessionChanged
[2022.03.12-09.44.15:149][  0]MemoryProfiler: Initialize
[2022.03.12-09.44.15:149][  0]MemoryProfiler: OnSessionChanged
[2022.03.12-09.44.15:418][  0]LogVSAccessor: Display: Unable to create Visual Studio setup instance: 80040154
[2022.03.12-09.44.15:420][  0]LogVSAccessor: Display: Unable to create Visual Studio setup instance: 80040154
[2022.03.12-09.44.15:422][  0]LogVSAccessor: Display: Unable to create Visual Studio setup instance: 80040154
[2022.03.12-09.44.15:775][  0]LogCook: Display: CookSettings for Memory: MemoryMaxUsedVirtual 0MiB, MemoryMaxUsedPhysical 16384MiB, MemoryMinFreeVirtual 0MiB, MemoryMinFreePhysical 1024MiB
[2022.03.12-09.44.15:775][  0]LogCook: Display: Mobile HDR setting 1
[2022.03.12-09.44.16:283][  0]LogFileCache: Scanning file cache for directory 'C:/Users/ahyan/Documents/Unreal Projects/GameDevTrial/MyProject/Content/' took 0.01s
[2022.03.12-09.44.16:718][  0]LogInit: Display: Engine is initialized. Leaving FEngineLoop::Init()
[2022.03.12-09.44.16:724][  0]SourceControl: Source control is disabled
[2022.03.12-09.44.16:724][  0]LogUnrealEdMisc: Loading editor; pre map load, took 15.147
[2022.03.12-09.44.16:724][  0]Cmd: MAP LOAD FILE="../../../Engine/Content/Maps/Templates/Template_Default.umap" TEMPLATE=1 SHOWPROGRESS=1 FEATURELEVEL=3
[2022.03.12-09.44.16:724][  0]LightingResults: New page: Lighting Build
[2022.03.12-09.44.16:727][  0]LogWorld: UWorld::CleanupWorld for Untitled, bSessionEnded=true, bCleanupResources=true
[2022.03.12-09.44.16:727][  0]LogSlate: InvalidateAllWidgets triggered.  All widgets were invalidated
[2022.03.12-09.44.16:727][  0]MapCheck: New page: Map Check
[2022.03.12-09.44.16:727][  0]LightingResults: New page: Lighting Build
[2022.03.12-09.44.16:737][  0]LogAudio: Display: Audio Device unregistered from world 'None'.
[2022.03.12-09.44.16:742][  0]LogUObjectHash: Compacting FUObjectHashTables data took   2.37ms
[2022.03.12-09.44.16:871][  0]LogTexture: Display: Building textures: DeprecatedTextureEB9CBE3C423008B5E8E130901E171C89 (BGRA8, 128X128)
[2022.03.12-09.44.16:878][  0]LogAudio: Display: Audio Device (ID: 1) registered with world 'Untitled_1'.
[2022.03.12-09.44.16:879][  0]LogAIModule: Creating AISystem for world Untitled_1
[2022.03.12-09.44.16:885][  0]LogEditorServer: Finished looking for orphan Actors (0.000 secs)
[2022.03.12-09.44.16:897][  0]LogUObjectHash: Compacting FUObjectHashTables data took   1.23ms
[2022.03.12-09.44.16:897][  0]Cmd: MAP CHECKDEP NOCLEARLOG
[2022.03.12-09.44.16:898][  0]MapCheck: Map check complete: 0 Error(s), 0 Warning(s), took 0.195ms to complete.
[2022.03.12-09.44.16:898][  0]LogFileHelpers: Loading map 'Template_Default' took 0.174
[2022.03.12-09.44.16:900][  0]LogUnrealEdMisc: Total Editor Startup Time, took 15.323
[2022.03.12-09.44.17:136][  0]LogSlate: Updating window title bar state: overlay mode, drag disabled, window buttons hidden, title bar hidden
[2022.03.12-09.44.17:149][  0]LogSlate: Updating window title bar state: overlay mode, drag disabled, window buttons hidden, title bar hidden
[2022.03.12-09.44.17:158][  0]LogSlate: Updating window title bar state: overlay mode, drag disabled, window buttons hidden, title bar hidden
[2022.03.12-09.44.17:167][  0]LogSlate: Updating window title bar state: overlay mode, drag disabled, window buttons hidden, title bar hidden
[2022.03.12-09.44.17:187][  0]LogNativeClassHierarchy: Verbose: Native class hierarchy populated in 0.0142 seconds. Added 3822 classes and 928 folders.
[2022.03.12-09.44.17:216][  0]LogNativeClassHierarchy: Verbose: Native class hierarchy updated for 'WidgetCarousel' in 0.0004 seconds. Added 0 classes and 0 folders.
[2022.03.12-09.44.17:217][  0]LogPakFile: PakFile PrimaryIndexSize=187
[2022.03.12-09.44.17:218][  0]LogPakFile: PakFile PathHashIndexSize=101
[2022.03.12-09.44.17:218][  0]LogPakFile: PakFile FullDirectoryIndexSize=148
[2022.03.12-09.44.17:218][  0]LogShaderLibrary: Display: ShaderCodeLibraryPakFileMountedCallback: PakFile 'C:/Program Files/Epic Games/UE_4.27/FeaturePacks/FP_FirstPerson.upack' (chunk index -1, root 'root:/') mounted
[2022.03.12-09.44.17:218][  0]LogShaderLibrary: Display: ShaderCodeLibraryPakFileMountedCallback: pending pak file info (ChunkID:-1 Root:root:/ File:C:/Program Files/Epic Games/UE_4.27/FeaturePacks/FP_FirstPerson.upack)
[2022.03.12-09.44.17:218][  0]LogPakFile: OnPakFileMounted2Time == 0.000106
[2022.03.12-09.44.17:219][  0]LogPakFile: PakFile PrimaryIndexSize=189
[2022.03.12-09.44.17:219][  0]LogPakFile: PakFile PathHashIndexSize=101
[2022.03.12-09.44.17:219][  0]LogPakFile: PakFile FullDirectoryIndexSize=152
[2022.03.12-09.44.17:219][  0]LogShaderLibrary: Display: ShaderCodeLibraryPakFileMountedCallback: PakFile 'C:/Program Files/Epic Games/UE_4.27/FeaturePacks/FP_FirstPersonBP.upack' (chunk index -1, root 'root:/') mounted
[2022.03.12-09.44.17:219][  0]LogShaderLibrary: Display: ShaderCodeLibraryPakFileMountedCallback: pending pak file info (ChunkID:-1 Root:root:/ File:C:/Program Files/Epic Games/UE_4.27/FeaturePacks/FP_FirstPersonBP.upack)
[2022.03.12-09.44.17:219][  0]LogPakFile: OnPakFileMounted2Time == 0.000082
[2022.03.12-09.44.17:220][  0]LogPakFile: PakFile PrimaryIndexSize=191
[2022.03.12-09.44.17:220][  0]LogPakFile: PakFile PathHashIndexSize=101
[2022.03.12-09.44.17:220][  0]LogPakFile: PakFile FullDirectoryIndexSize=160
[2022.03.12-09.44.17:220][  0]LogShaderLibrary: Display: ShaderCodeLibraryPakFileMountedCallback: PakFile 'C:/Program Files/Epic Games/UE_4.27/FeaturePacks/MobileStarterContent.upack' (chunk index -1, root 'root:/') mounted
[2022.03.12-09.44.17:220][  0]LogShaderLibrary: Display: ShaderCodeLibraryPakFileMountedCallback: pending pak file info (ChunkID:-1 Root:root:/ File:C:/Program Files/Epic Games/UE_4.27/FeaturePacks/MobileStarterContent.upack)
[2022.03.12-09.44.17:220][  0]LogPakFile: OnPakFileMounted2Time == 0.000071
[2022.03.12-09.44.17:221][  0]LogPakFile: PakFile PrimaryIndexSize=185
[2022.03.12-09.44.17:221][  0]LogPakFile: PakFile PathHashIndexSize=101
[2022.03.12-09.44.17:221][  0]LogPakFile: PakFile FullDirectoryIndexSize=148
[2022.03.12-09.44.17:221][  0]LogShaderLibrary: Display: ShaderCodeLibraryPakFileMountedCallback: PakFile 'C:/Program Files/Epic Games/UE_4.27/FeaturePacks/StarterContent.upack' (chunk index -1, root 'root:/') mounted
[2022.03.12-09.44.17:221][  0]LogShaderLibrary: Display: ShaderCodeLibraryPakFileMountedCallback: pending pak file info (ChunkID:-1 Root:root:/ File:C:/Program Files/Epic Games/UE_4.27/FeaturePacks/StarterContent.upack)
[2022.03.12-09.44.17:221][  0]LogPakFile: OnPakFileMounted2Time == 0.000073
[2022.03.12-09.44.17:222][  0]LogPakFile: PakFile PrimaryIndexSize=190
[2022.03.12-09.44.17:222][  0]LogPakFile: PakFile PathHashIndexSize=101
[2022.03.12-09.44.17:222][  0]LogPakFile: PakFile FullDirectoryIndexSize=154
[2022.03.12-09.44.17:222][  0]LogShaderLibrary: Display: ShaderCodeLibraryPakFileMountedCallback: PakFile 'C:/Program Files/Epic Games/UE_4.27/FeaturePacks/TP_2DSideScroller.upack' (chunk index -1, root 'root:/') mounted
[2022.03.12-09.44.17:222][  0]LogShaderLibrary: Display: ShaderCodeLibraryPakFileMountedCallback: pending pak file info (ChunkID:-1 Root:root:/ File:C:/Program Files/Epic Games/UE_4.27/FeaturePacks/TP_2DSideScroller.upack)
[2022.03.12-09.44.17:222][  0]LogPakFile: OnPakFileMounted2Time == 0.000054
[2022.03.12-09.44.17:223][  0]LogPakFile: PakFile PrimaryIndexSize=192
[2022.03.12-09.44.17:223][  0]LogPakFile: PakFile PathHashIndexSize=101
[2022.03.12-09.44.17:223][  0]LogPakFile: PakFile FullDirectoryIndexSize=158
[2022.03.12-09.44.17:223][  0]LogShaderLibrary: Display: ShaderCodeLibraryPakFileMountedCallback: PakFile 'C:/Program Files/Epic Games/UE_4.27/FeaturePacks/TP_2DSideScrollerBP.upack' (chunk index -1, root 'root:/') mounted
[2022.03.12-09.44.17:223][  0]LogShaderLibrary: Display: ShaderCodeLibraryPakFileMountedCallback: pending pak file info (ChunkID:-1 Root:root:/ File:C:/Program Files/Epic Games/UE_4.27/FeaturePacks/TP_2DSideScrollerBP.upack)
[2022.03.12-09.44.17:223][  0]LogPakFile: OnPakFileMounted2Time == 0.000052
[2022.03.12-09.44.17:223][  0]LogPakFile: PakFile PrimaryIndexSize=182
[2022.03.12-09.44.17:223][  0]LogPakFile: PakFile PathHashIndexSize=101
[2022.03.12-09.44.17:223][  0]LogPakFile: PakFile FullDirectoryIndexSize=138
[2022.03.12-09.44.17:223][  0]LogShaderLibrary: Display: ShaderCodeLibraryPakFileMountedCallback: PakFile 'C:/Program Files/Epic Games/UE_4.27/FeaturePacks/TP_Flying.upack' (chunk index -1, root 'root:/') mounted
[2022.03.12-09.44.17:223][  0]LogShaderLibrary: Display: ShaderCodeLibraryPakFileMountedCallback: pending pak file info (ChunkID:-1 Root:root:/ File:C:/Program Files/Epic Games/UE_4.27/FeaturePacks/TP_Flying.upack)
[2022.03.12-09.44.17:224][  0]LogPakFile: OnPakFileMounted2Time == 0.000065
[2022.03.12-09.44.17:224][  0]LogPakFile: PakFile PrimaryIndexSize=184
[2022.03.12-09.44.17:224][  0]LogPakFile: PakFile PathHashIndexSize=101
[2022.03.12-09.44.17:224][  0]LogPakFile: PakFile FullDirectoryIndexSize=142
[2022.03.12-09.44.17:224][  0]LogShaderLibrary: Display: ShaderCodeLibraryPakFileMountedCallback: PakFile 'C:/Program Files/Epic Games/UE_4.27/FeaturePacks/TP_FlyingBP.upack' (chunk index -1, root 'root:/') mounted
[2022.03.12-09.44.17:225][  0]LogShaderLibrary: Display: ShaderCodeLibraryPakFileMountedCallback: pending pak file info (ChunkID:-1 Root:root:/ File:C:/Program Files/Epic Games/UE_4.27/FeaturePacks/TP_FlyingBP.upack)
[2022.03.12-09.44.17:225][  0]LogPakFile: OnPakFileMounted2Time == 0.000073
[2022.03.12-09.44.17:225][  0]LogPakFile: PakFile PrimaryIndexSize=188
[2022.03.12-09.44.17:225][  0]LogPakFile: PakFile PathHashIndexSize=101
[2022.03.12-09.44.17:225][  0]LogPakFile: PakFile FullDirectoryIndexSize=150
[2022.03.12-09.44.17:226][  0]LogShaderLibrary: Display: ShaderCodeLibraryPakFileMountedCallback: PakFile 'C:/Program Files/Epic Games/UE_4.27/FeaturePacks/TP_HandheldARBP.upack' (chunk index -1, root 'root:/') mounted
[2022.03.12-09.44.17:226][  0]LogShaderLibrary: Display: ShaderCodeLibraryPakFileMountedCallback: pending pak file info (ChunkID:-1 Root:root:/ File:C:/Program Files/Epic Games/UE_4.27/FeaturePacks/TP_HandheldARBP.upack)
[2022.03.12-09.44.17:226][  0]LogPakFile: OnPakFileMounted2Time == 0.000073
[2022.03.12-09.44.17:227][  0]LogPakFile: PakFile PrimaryIndexSize=182
[2022.03.12-09.44.17:227][  0]LogPakFile: PakFile PathHashIndexSize=101
[2022.03.12-09.44.17:227][  0]LogPakFile: PakFile FullDirectoryIndexSize=138
[2022.03.12-09.44.17:227][  0]LogShaderLibrary: Display: ShaderCodeLibraryPakFileMountedCallback: PakFile 'C:/Program Files/Epic Games/UE_4.27/FeaturePacks/TP_Puzzle.upack' (chunk index -1, root 'root:/') mounted
[2022.03.12-09.44.17:227][  0]LogShaderLibrary: Display: ShaderCodeLibraryPakFileMountedCallback: pending pak file info (ChunkID:-1 Root:root:/ File:C:/Program Files/Epic Games/UE_4.27/FeaturePacks/TP_Puzzle.upack)
[2022.03.12-09.44.17:227][  0]LogPakFile: OnPakFileMounted2Time == 0.000053
[2022.03.12-09.44.17:227][  0]LogPakFile: PakFile PrimaryIndexSize=184
[2022.03.12-09.44.17:228][  0]LogPakFile: PakFile PathHashIndexSize=101
[2022.03.12-09.44.17:228][  0]LogPakFile: PakFile FullDirectoryIndexSize=142
[2022.03.12-09.44.17:228][  0]LogShaderLibrary: Display: ShaderCodeLibraryPakFileMountedCallback: PakFile 'C:/Program Files/Epic Games/UE_4.27/FeaturePacks/TP_PuzzleBP.upack' (chunk index -1, root 'root:/') mounted
[2022.03.12-09.44.17:228][  0]LogShaderLibrary: Display: ShaderCodeLibraryPakFileMountedCallback: pending pak file info (ChunkID:-1 Root:root:/ File:C:/Program Files/Epic Games/UE_4.27/FeaturePacks/TP_PuzzleBP.upack)
[2022.03.12-09.44.17:228][  0]LogPakFile: OnPakFileMounted2Time == 0.000067
[2022.03.12-09.44.17:228][  0]LogPakFile: PakFile PrimaryIndexSize=183
[2022.03.12-09.44.17:228][  0]LogPakFile: PakFile PathHashIndexSize=101
[2022.03.12-09.44.17:228][  0]LogPakFile: PakFile FullDirectoryIndexSize=140
[2022.03.12-09.44.17:228][  0]LogShaderLibrary: Display: ShaderCodeLibraryPakFileMountedCallback: PakFile 'C:/Program Files/Epic Games/UE_4.27/FeaturePacks/TP_Rolling.upack' (chunk index -1, root 'root:/') mounted
[2022.03.12-09.44.17:228][  0]LogShaderLibrary: Display: ShaderCodeLibraryPakFileMountedCallback: pending pak file info (ChunkID:-1 Root:root:/ File:C:/Program Files/Epic Games/UE_4.27/FeaturePacks/TP_Rolling.upack)
[2022.03.12-09.44.17:229][  0]LogPakFile: OnPakFileMounted2Time == 0.000064
[2022.03.12-09.44.17:229][  0]LogPakFile: PakFile PrimaryIndexSize=185
[2022.03.12-09.44.17:229][  0]LogPakFile: PakFile PathHashIndexSize=101
[2022.03.12-09.44.17:229][  0]LogPakFile: PakFile FullDirectoryIndexSize=144
[2022.03.12-09.44.17:229][  0]LogShaderLibrary: Display: ShaderCodeLibraryPakFileMountedCallback: PakFile 'C:/Program Files/Epic Games/UE_4.27/FeaturePacks/TP_RollingBP.upack' (chunk index -1, root 'root:/') mounted
[2022.03.12-09.44.17:230][  0]LogShaderLibrary: Display: ShaderCodeLibraryPakFileMountedCallback: pending pak file info (ChunkID:-1 Root:root:/ File:C:/Program Files/Epic Games/UE_4.27/FeaturePacks/TP_RollingBP.upack)
[2022.03.12-09.44.17:230][  0]LogPakFile: OnPakFileMounted2Time == 0.000071
[2022.03.12-09.44.17:230][  0]LogPakFile: PakFile PrimaryIndexSize=188
[2022.03.12-09.44.17:230][  0]LogPakFile: PakFile PathHashIndexSize=101
[2022.03.12-09.44.17:230][  0]LogPakFile: PakFile FullDirectoryIndexSize=150
[2022.03.12-09.44.17:230][  0]LogShaderLibrary: Display: ShaderCodeLibraryPakFileMountedCallback: PakFile 'C:/Program Files/Epic Games/UE_4.27/FeaturePacks/TP_SideScroller.upack' (chunk index -1, root 'root:/') mounted
[2022.03.12-09.44.17:230][  0]LogShaderLibrary: Display: ShaderCodeLibraryPakFileMountedCallback: pending pak file info (ChunkID:-1 Root:root:/ File:C:/Program Files/Epic Games/UE_4.27/FeaturePacks/TP_SideScroller.upack)
[2022.03.12-09.44.17:230][  0]LogPakFile: OnPakFileMounted2Time == 0.000064
[2022.03.12-09.44.17:231][  0]LogPakFile: PakFile PrimaryIndexSize=190
[2022.03.12-09.44.17:231][  0]LogPakFile: PakFile PathHashIndexSize=101
[2022.03.12-09.44.17:231][  0]LogPakFile: PakFile FullDirectoryIndexSize=154
[2022.03.12-09.44.17:231][  0]LogShaderLibrary: Display: ShaderCodeLibraryPakFileMountedCallback: PakFile 'C:/Program Files/Epic Games/UE_4.27/FeaturePacks/TP_SideScrollerBP.upack' (chunk index -1, root 'root:/') mounted
[2022.03.12-09.44.17:231][  0]LogShaderLibrary: Display: ShaderCodeLibraryPakFileMountedCallback: pending pak file info (ChunkID:-1 Root:root:/ File:C:/Program Files/Epic Games/UE_4.27/FeaturePacks/TP_SideScrollerBP.upack)
[2022.03.12-09.44.17:231][  0]LogPakFile: OnPakFileMounted2Time == 0.000060
[2022.03.12-09.44.17:232][  0]LogPakFile: PakFile PrimaryIndexSize=187
[2022.03.12-09.44.17:232][  0]LogPakFile: PakFile PathHashIndexSize=101
[2022.03.12-09.44.17:232][  0]LogPakFile: PakFile FullDirectoryIndexSize=148
[2022.03.12-09.44.17:232][  0]LogShaderLibrary: Display: ShaderCodeLibraryPakFileMountedCallback: PakFile 'C:/Program Files/Epic Games/UE_4.27/FeaturePacks/TP_ThirdPerson.upack' (chunk index -1, root 'root:/') mounted
[2022.03.12-09.44.17:232][  0]LogShaderLibrary: Display: ShaderCodeLibraryPakFileMountedCallback: pending pak file info (ChunkID:-1 Root:root:/ File:C:/Program Files/Epic Games/UE_4.27/FeaturePacks/TP_ThirdPerson.upack)
[2022.03.12-09.44.17:232][  0]LogPakFile: OnPakFileMounted2Time == 0.000064
[2022.03.12-09.44.17:233][  0]LogPakFile: PakFile PrimaryIndexSize=189
[2022.03.12-09.44.17:233][  0]LogPakFile: PakFile PathHashIndexSize=101
[2022.03.12-09.44.17:233][  0]LogPakFile: PakFile FullDirectoryIndexSize=152
[2022.03.12-09.44.17:233][  0]LogShaderLibrary: Display: ShaderCodeLibraryPakFileMountedCallback: PakFile 'C:/Program Files/Epic Games/UE_4.27/FeaturePacks/TP_ThirdPersonBP.upack' (chunk index -1, root 'root:/') mounted
[2022.03.12-09.44.17:233][  0]LogShaderLibrary: Display: ShaderCodeLibraryPakFileMountedCallback: pending pak file info (ChunkID:-1 Root:root:/ File:C:/Program Files/Epic Games/UE_4.27/FeaturePacks/TP_ThirdPersonBP.upack)
[2022.03.12-09.44.17:233][  0]LogPakFile: OnPakFileMounted2Time == 0.000059
[2022.03.12-09.44.17:234][  0]LogPakFile: PakFile PrimaryIndexSize=183
[2022.03.12-09.44.17:234][  0]LogPakFile: PakFile PathHashIndexSize=101
[2022.03.12-09.44.17:234][  0]LogPakFile: PakFile FullDirectoryIndexSize=140
[2022.03.12-09.44.17:234][  0]LogShaderLibrary: Display: ShaderCodeLibraryPakFileMountedCallback: PakFile 'C:/Program Files/Epic Games/UE_4.27/FeaturePacks/TP_TopDown.upack' (chunk index -1, root 'root:/') mounted
[2022.03.12-09.44.17:234][  0]LogShaderLibrary: Display: ShaderCodeLibraryPakFileMountedCallback: pending pak file info (ChunkID:-1 Root:root:/ File:C:/Program Files/Epic Games/UE_4.27/FeaturePacks/TP_TopDown.upack)
[2022.03.12-09.44.17:234][  0]LogPakFile: OnPakFileMounted2Time == 0.000063
[2022.03.12-09.44.17:235][  0]LogPakFile: PakFile PrimaryIndexSize=185
[2022.03.12-09.44.17:235][  0]LogPakFile: PakFile PathHashIndexSize=101
[2022.03.12-09.44.17:235][  0]LogPakFile: PakFile FullDirectoryIndexSize=144
[2022.03.12-09.44.17:235][  0]LogShaderLibrary: Display: ShaderCodeLibraryPakFileMountedCallback: PakFile 'C:/Program Files/Epic Games/UE_4.27/FeaturePacks/TP_TopDownBP.upack' (chunk index -1, root 'root:/') mounted
[2022.03.12-09.44.17:235][  0]LogShaderLibrary: Display: ShaderCodeLibraryPakFileMountedCallback: pending pak file info (ChunkID:-1 Root:root:/ File:C:/Program Files/Epic Games/UE_4.27/FeaturePacks/TP_TopDownBP.upack)
[2022.03.12-09.44.17:235][  0]LogPakFile: OnPakFileMounted2Time == 0.000066
[2022.03.12-09.44.17:235][  0]LogPakFile: PakFile PrimaryIndexSize=185
[2022.03.12-09.44.17:236][  0]LogPakFile: PakFile PathHashIndexSize=101
[2022.03.12-09.44.17:236][  0]LogPakFile: PakFile FullDirectoryIndexSize=144
[2022.03.12-09.44.17:236][  0]LogShaderLibrary: Display: ShaderCodeLibraryPakFileMountedCallback: PakFile 'C:/Program Files/Epic Games/UE_4.27/FeaturePacks/TP_TwinStick.upack' (chunk index -1, root 'root:/') mounted
[2022.03.12-09.44.17:236][  0]LogShaderLibrary: Display: ShaderCodeLibraryPakFileMountedCallback: pending pak file info (ChunkID:-1 Root:root:/ File:C:/Program Files/Epic Games/UE_4.27/FeaturePacks/TP_TwinStick.upack)
[2022.03.12-09.44.17:236][  0]LogPakFile: OnPakFileMounted2Time == 0.000073
[2022.03.12-09.44.17:237][  0]LogPakFile: PakFile PrimaryIndexSize=187
[2022.03.12-09.44.17:237][  0]LogPakFile: PakFile PathHashIndexSize=101
[2022.03.12-09.44.17:237][  0]LogPakFile: PakFile FullDirectoryIndexSize=148
[2022.03.12-09.44.17:237][  0]LogShaderLibrary: Display: ShaderCodeLibraryPakFileMountedCallback: PakFile 'C:/Program Files/Epic Games/UE_4.27/FeaturePacks/TP_TwinStickBP.upack' (chunk index -1, root 'root:/') mounted
[2022.03.12-09.44.17:237][  0]LogShaderLibrary: Display: ShaderCodeLibraryPakFileMountedCallback: pending pak file info (ChunkID:-1 Root:root:/ File:C:/Program Files/Epic Games/UE_4.27/FeaturePacks/TP_TwinStickBP.upack)
[2022.03.12-09.44.17:237][  0]LogPakFile: OnPakFileMounted2Time == 0.000060
[2022.03.12-09.44.17:237][  0]LogPakFile: PakFile PrimaryIndexSize=183
[2022.03.12-09.44.17:237][  0]LogPakFile: PakFile PathHashIndexSize=101
[2022.03.12-09.44.17:237][  0]LogPakFile: PakFile FullDirectoryIndexSize=140
[2022.03.12-09.44.17:237][  0]LogShaderLibrary: Display: ShaderCodeLibraryPakFileMountedCallback: PakFile 'C:/Program Files/Epic Games/UE_4.27/FeaturePacks/TP_Vehicle.upack' (chunk index -1, root 'root:/') mounted
[2022.03.12-09.44.17:237][  0]LogShaderLibrary: Display: ShaderCodeLibraryPakFileMountedCallback: pending pak file info (ChunkID:-1 Root:root:/ File:C:/Program Files/Epic Games/UE_4.27/FeaturePacks/TP_Vehicle.upack)
[2022.03.12-09.44.17:238][  0]LogPakFile: OnPakFileMounted2Time == 0.000063
[2022.03.12-09.44.17:238][  0]LogPakFile: PakFile PrimaryIndexSize=186
[2022.03.12-09.44.17:238][  0]LogPakFile: PakFile PathHashIndexSize=101
[2022.03.12-09.44.17:238][  0]LogPakFile: PakFile FullDirectoryIndexSize=146
[2022.03.12-09.44.17:238][  0]LogShaderLibrary: Display: ShaderCodeLibraryPakFileMountedCallback: PakFile 'C:/Program Files/Epic Games/UE_4.27/FeaturePacks/TP_VehicleAdv.upack' (chunk index -1, root 'root:/') mounted
[2022.03.12-09.44.17:239][  0]LogShaderLibrary: Display: ShaderCodeLibraryPakFileMountedCallback: pending pak file info (ChunkID:-1 Root:root:/ File:C:/Program Files/Epic Games/UE_4.27/FeaturePacks/TP_VehicleAdv.upack)
[2022.03.12-09.44.17:239][  0]LogPakFile: OnPakFileMounted2Time == 0.000074
[2022.03.12-09.44.17:239][  0]LogPakFile: PakFile PrimaryIndexSize=188
[2022.03.12-09.44.17:239][  0]LogPakFile: PakFile PathHashIndexSize=101
[2022.03.12-09.44.17:239][  0]LogPakFile: PakFile FullDirectoryIndexSize=150
[2022.03.12-09.44.17:239][  0]LogShaderLibrary: Display: ShaderCodeLibraryPakFileMountedCallback: PakFile 'C:/Program Files/Epic Games/UE_4.27/FeaturePacks/TP_VehicleAdvBP.upack' (chunk index -1, root 'root:/') mounted
[2022.03.12-09.44.17:239][  0]LogShaderLibrary: Display: ShaderCodeLibraryPakFileMountedCallback: pending pak file info (ChunkID:-1 Root:root:/ File:C:/Program Files/Epic Games/UE_4.27/FeaturePacks/TP_VehicleAdvBP.upack)
[2022.03.12-09.44.17:240][  0]LogPakFile: OnPakFileMounted2Time == 0.000068
[2022.03.12-09.44.17:240][  0]LogPakFile: PakFile PrimaryIndexSize=185
[2022.03.12-09.44.17:240][  0]LogPakFile: PakFile PathHashIndexSize=101
[2022.03.12-09.44.17:240][  0]LogPakFile: PakFile FullDirectoryIndexSize=144
[2022.03.12-09.44.17:240][  0]LogShaderLibrary: Display: ShaderCodeLibraryPakFileMountedCallback: PakFile 'C:/Program Files/Epic Games/UE_4.27/FeaturePacks/TP_VehicleBP.upack' (chunk index -1, root 'root:/') mounted
[2022.03.12-09.44.17:240][  0]LogShaderLibrary: Display: ShaderCodeLibraryPakFileMountedCallback: pending pak file info (ChunkID:-1 Root:root:/ File:C:/Program Files/Epic Games/UE_4.27/FeaturePacks/TP_VehicleBP.upack)
[2022.03.12-09.44.17:240][  0]LogPakFile: OnPakFileMounted2Time == 0.000069
[2022.03.12-09.44.17:241][  0]LogPakFile: PakFile PrimaryIndexSize=192
[2022.03.12-09.44.17:241][  0]LogPakFile: PakFile PathHashIndexSize=101
[2022.03.12-09.44.17:241][  0]LogPakFile: PakFile FullDirectoryIndexSize=158
[2022.03.12-09.44.17:241][  0]LogShaderLibrary: Display: ShaderCodeLibraryPakFileMountedCallback: PakFile 'C:/Program Files/Epic Games/UE_4.27/FeaturePacks/TP_VirtualRealityBP.upack' (chunk index -1, root 'root:/') mounted
[2022.03.12-09.44.17:241][  0]LogShaderLibrary: Display: ShaderCodeLibraryPakFileMountedCallback: pending pak file info (ChunkID:-1 Root:root:/ File:C:/Program Files/Epic Games/UE_4.27/FeaturePacks/TP_VirtualRealityBP.upack)
[2022.03.12-09.44.17:241][  0]LogPakFile: OnPakFileMounted2Time == 0.000070
[2022.03.12-09.44.17:326][  0]LogNativeClassHierarchy: Verbose: Native class hierarchy updated for 'AddContentDialog' in 0.0006 seconds. Added 0 classes and 0 folders.
[2022.03.12-09.44.17:330][  0]LogNativeClassHierarchy: Verbose: Native class hierarchy updated for 'SceneOutliner' in 0.0006 seconds. Added 2 classes and 0 folders.
[2022.03.12-09.44.17:395][  0]LogSlate: Took 0.000674 seconds to synchronously load lazily loaded font '../../../Engine/Content/Slate/Fonts/Roboto-Regular.ttf' (155K)
[2022.03.12-09.44.17:401][  0]LogSlate: Took 0.000623 seconds to synchronously load lazily loaded font '../../../Engine/Content/Editor/Slate/Fonts/FontAwesome.ttf' (139K)
[2022.03.12-09.44.17:406][  0]LogSlate: Took 0.000547 seconds to synchronously load lazily loaded font '../../../Engine/Content/Slate/Fonts/Roboto-Bold.ttf' (160K)
[2022.03.12-09.44.17:691][  0]LogRenderer: Reallocating scene render targets to support 840x332 Format 10 NumSamples 1 (Frame:1).
[2022.03.12-09.44.17:817][  0]LogNativeClassHierarchy: Verbose: Native class hierarchy updated for 'HierarchicalLODOutliner' in 0.0004 seconds. Added 0 classes and 0 folders.
[2022.03.12-09.44.17:817][  0]LogLoad: (Engine Initialization) Total time: 16.24 seconds
[2022.03.12-09.44.17:818][  0]LogLoad: (Engine Initialization) Total Blueprint compile time: 0.00 seconds
[2022.03.12-09.44.17:899][  0]LogContentStreaming: Texture pool size now 1000 MB
[2022.03.12-09.44.18:106][  1]LogAssetRegistry: Asset discovery search completed in 9.2644 seconds
[2022.03.12-09.44.18:118][  1]LogCollectionManager: Fixed up redirectors for 0 collections in 0.000006 seconds (updated 0 objects)
[2022.03.12-09.44.18:226][  2]LogSlate: Took 0.000299 seconds to synchronously load lazily loaded font '../../../Engine/Content/Slate/Fonts/Roboto-Light.ttf' (167K)
[2022.03.12-09.44.35:630][931]LogSlate: Window 'Plugins' being destroyed
[2022.03.12-09.44.35:640][931]LogSlate: Window 'Plugins' being destroyed
[2022.03.12-09.44.35:640][931]LogDirectoryWatcher: A directory notification for '../../../Engine/Plugins/' was aborted.
